<?xml version="1.0" encoding="UTF-8"?>
<testsuite xmlns:xsi="http://www.w3.org/2001/XMLSchema-instance" xsi:noNamespaceSchemaLocation="https://maven.apache.org/surefire/maven-surefire-plugin/xsd/surefire-test-report.xsd" version="3.0.2" name="com.db.assetstore.api.AssetControllerTest" time="1.035" tests="21" errors="0" skipped="0" failures="0">
  <properties>
    <property name="java.specification.version" value="17"/>
    <property name="sun.jnu.encoding" value="UTF-8"/>
    <property name="java.class.path" value="/home/runner/work/asset-store-poc/asset-store-poc/target/test-classes:/home/runner/work/asset-store-poc/asset-store-poc/target/classes:/home/runner/.m2/repository/org/springframework/boot/spring-boot-starter/3.5.6/spring-boot-starter-3.5.6.jar:/home/runner/.m2/repository/org/springframework/boot/spring-boot/3.5.6/spring-boot-3.5.6.jar:/home/runner/.m2/repository/org/springframework/spring-context/6.2.11/spring-context-6.2.11.jar:/home/runner/.m2/repository/org/springframework/boot/spring-boot-autoconfigure/3.5.6/spring-boot-autoconfigure-3.5.6.jar:/home/runner/.m2/repository/org/springframework/boot/spring-boot-starter-logging/3.5.6/spring-boot-starter-logging-3.5.6.jar:/home/runner/.m2/repository/ch/qos/logback/logback-classic/1.5.18/logback-classic-1.5.18.jar:/home/runner/.m2/repository/ch/qos/logback/logback-core/1.5.18/logback-core-1.5.18.jar:/home/runner/.m2/repository/org/apache/logging/log4j/log4j-to-slf4j/2.24.3/log4j-to-slf4j-2.24.3.jar:/home/runner/.m2/repository/org/apache/logging/log4j/log4j-api/2.24.3/log4j-api-2.24.3.jar:/home/runner/.m2/repository/org/slf4j/jul-to-slf4j/2.0.17/jul-to-slf4j-2.0.17.jar:/home/runner/.m2/repository/jakarta/annotation/jakarta.annotation-api/2.1.1/jakarta.annotation-api-2.1.1.jar:/home/runner/.m2/repository/org/springframework/spring-core/6.2.11/spring-core-6.2.11.jar:/home/runner/.m2/repository/org/springframework/spring-jcl/6.2.11/spring-jcl-6.2.11.jar:/home/runner/.m2/repository/org/yaml/snakeyaml/2.4/snakeyaml-2.4.jar:/home/runner/.m2/repository/org/springframework/boot/spring-boot-starter-web/3.5.6/spring-boot-starter-web-3.5.6.jar:/home/runner/.m2/repository/org/springframework/boot/spring-boot-starter-json/3.5.6/spring-boot-starter-json-3.5.6.jar:/home/runner/.m2/repository/com/fasterxml/jackson/datatype/jackson-datatype-jdk8/2.19.2/jackson-datatype-jdk8-2.19.2.jar:/home/runner/.m2/repository/com/fasterxml/jackson/datatype/jackson-datatype-jsr310/2.19.2/jackson-datatype-jsr310-2.19.2.jar:/home/runner/.m2/repository/com/fasterxml/jackson/module/jackson-module-parameter-names/2.19.2/jackson-module-parameter-names-2.19.2.jar:/home/runner/.m2/repository/org/springframework/boot/spring-boot-starter-tomcat/3.5.6/spring-boot-starter-tomcat-3.5.6.jar:/home/runner/.m2/repository/org/apache/tomcat/embed/tomcat-embed-core/10.1.46/tomcat-embed-core-10.1.46.jar:/home/runner/.m2/repository/org/apache/tomcat/embed/tomcat-embed-el/10.1.46/tomcat-embed-el-10.1.46.jar:/home/runner/.m2/repository/org/apache/tomcat/embed/tomcat-embed-websocket/10.1.46/tomcat-embed-websocket-10.1.46.jar:/home/runner/.m2/repository/org/springframework/spring-web/6.2.11/spring-web-6.2.11.jar:/home/runner/.m2/repository/org/springframework/spring-beans/6.2.11/spring-beans-6.2.11.jar:/home/runner/.m2/repository/io/micrometer/micrometer-observation/1.15.4/micrometer-observation-1.15.4.jar:/home/runner/.m2/repository/io/micrometer/micrometer-commons/1.15.4/micrometer-commons-1.15.4.jar:/home/runner/.m2/repository/org/springframework/spring-webmvc/6.2.11/spring-webmvc-6.2.11.jar:/home/runner/.m2/repository/org/springframework/spring-aop/6.2.11/spring-aop-6.2.11.jar:/home/runner/.m2/repository/org/springframework/spring-expression/6.2.11/spring-expression-6.2.11.jar:/home/runner/.m2/repository/org/springframework/boot/spring-boot-starter-data-jpa/3.5.6/spring-boot-starter-data-jpa-3.5.6.jar:/home/runner/.m2/repository/org/springframework/boot/spring-boot-starter-jdbc/3.5.6/spring-boot-starter-jdbc-3.5.6.jar:/home/runner/.m2/repository/com/zaxxer/HikariCP/6.3.3/HikariCP-6.3.3.jar:/home/runner/.m2/repository/org/springframework/spring-jdbc/6.2.11/spring-jdbc-6.2.11.jar:/home/runner/.m2/repository/org/hibernate/orm/hibernate-core/6.6.29.Final/hibernate-core-6.6.29.Final.jar:/home/runner/.m2/repository/jakarta/persistence/jakarta.persistence-api/3.1.0/jakarta.persistence-api-3.1.0.jar:/home/runner/.m2/repository/jakarta/transaction/jakarta.transaction-api/2.0.1/jakarta.transaction-api-2.0.1.jar:/home/runner/.m2/repository/org/jboss/logging/jboss-logging/3.6.1.Final/jboss-logging-3.6.1.Final.jar:/home/runner/.m2/repository/org/hibernate/common/hibernate-commons-annotations/7.0.3.Final/hibernate-commons-annotations-7.0.3.Final.jar:/home/runner/.m2/repository/io/smallrye/jandex/3.2.0/jandex-3.2.0.jar:/home/runner/.m2/repository/com/fasterxml/classmate/1.7.0/classmate-1.7.0.jar:/home/runner/.m2/repository/net/bytebuddy/byte-buddy/1.17.7/byte-buddy-1.17.7.jar:/home/runner/.m2/repository/org/glassfish/jaxb/jaxb-runtime/4.0.5/jaxb-runtime-4.0.5.jar:/home/runner/.m2/repository/org/glassfish/jaxb/jaxb-core/4.0.5/jaxb-core-4.0.5.jar:/home/runner/.m2/repository/org/eclipse/angus/angus-activation/2.0.2/angus-activation-2.0.2.jar:/home/runner/.m2/repository/org/glassfish/jaxb/txw2/4.0.5/txw2-4.0.5.jar:/home/runner/.m2/repository/com/sun/istack/istack-commons-runtime/4.1.2/istack-commons-runtime-4.1.2.jar:/home/runner/.m2/repository/jakarta/inject/jakarta.inject-api/2.0.1/jakarta.inject-api-2.0.1.jar:/home/runner/.m2/repository/org/antlr/antlr4-runtime/4.13.0/antlr4-runtime-4.13.0.jar:/home/runner/.m2/repository/org/springframework/data/spring-data-jpa/3.5.4/spring-data-jpa-3.5.4.jar:/home/runner/.m2/repository/org/springframework/data/spring-data-commons/3.5.4/spring-data-commons-3.5.4.jar:/home/runner/.m2/repository/org/springframework/spring-orm/6.2.11/spring-orm-6.2.11.jar:/home/runner/.m2/repository/org/springframework/spring-tx/6.2.11/spring-tx-6.2.11.jar:/home/runner/.m2/repository/org/springframework/spring-aspects/6.2.11/spring-aspects-6.2.11.jar:/home/runner/.m2/repository/org/aspectj/aspectjweaver/1.9.24/aspectjweaver-1.9.24.jar:/home/runner/.m2/repository/com/h2database/h2/2.3.232/h2-2.3.232.jar:/home/runner/.m2/repository/org/projectlombok/lombok/1.18.40/lombok-1.18.40.jar:/home/runner/.m2/repository/org/mapstruct/mapstruct/1.5.5.Final/mapstruct-1.5.5.Final.jar:/home/runner/.m2/repository/com/networknt/json-schema-validator/1.5.1/json-schema-validator-1.5.1.jar:/home/runner/.m2/repository/com/ethlo/time/itu/1.10.2/itu-1.10.2.jar:/home/runner/.m2/repository/com/fasterxml/jackson/core/jackson-databind/2.19.2/jackson-databind-2.19.2.jar:/home/runner/.m2/repository/com/fasterxml/jackson/core/jackson-annotations/2.19.2/jackson-annotations-2.19.2.jar:/home/runner/.m2/repository/com/fasterxml/jackson/core/jackson-core/2.19.2/jackson-core-2.19.2.jar:/home/runner/.m2/repository/com/fasterxml/jackson/dataformat/jackson-dataformat-yaml/2.19.2/jackson-dataformat-yaml-2.19.2.jar:/home/runner/.m2/repository/org/slf4j/slf4j-api/2.0.17/slf4j-api-2.0.17.jar:/home/runner/.m2/repository/com/schibsted/spt/data/jslt/0.1.14/jslt-0.1.14.jar:/home/runner/.m2/repository/org/springframework/boot/spring-boot-starter-test/3.5.6/spring-boot-starter-test-3.5.6.jar:/home/runner/.m2/repository/org/springframework/boot/spring-boot-test/3.5.6/spring-boot-test-3.5.6.jar:/home/runner/.m2/repository/org/springframework/boot/spring-boot-test-autoconfigure/3.5.6/spring-boot-test-autoconfigure-3.5.6.jar:/home/runner/.m2/repository/com/jayway/jsonpath/json-path/2.9.0/json-path-2.9.0.jar:/home/runner/.m2/repository/jakarta/xml/bind/jakarta.xml.bind-api/4.0.2/jakarta.xml.bind-api-4.0.2.jar:/home/runner/.m2/repository/jakarta/activation/jakarta.activation-api/2.1.4/jakarta.activation-api-2.1.4.jar:/home/runner/.m2/repository/net/minidev/json-smart/2.5.2/json-smart-2.5.2.jar:/home/runner/.m2/repository/net/minidev/accessors-smart/2.5.2/accessors-smart-2.5.2.jar:/home/runner/.m2/repository/org/ow2/asm/asm/9.7.1/asm-9.7.1.jar:/home/runner/.m2/repository/org/assertj/assertj-core/3.27.4/assertj-core-3.27.4.jar:/home/runner/.m2/repository/org/awaitility/awaitility/4.2.2/awaitility-4.2.2.jar:/home/runner/.m2/repository/org/hamcrest/hamcrest/3.0/hamcrest-3.0.jar:/home/runner/.m2/repository/org/junit/jupiter/junit-jupiter/5.12.2/junit-jupiter-5.12.2.jar:/home/runner/.m2/repository/org/junit/jupiter/junit-jupiter-api/5.12.2/junit-jupiter-api-5.12.2.jar:/home/runner/.m2/repository/org/opentest4j/opentest4j/1.3.0/opentest4j-1.3.0.jar:/home/runner/.m2/repository/org/junit/platform/junit-platform-commons/1.12.2/junit-platform-commons-1.12.2.jar:/home/runner/.m2/repository/org/apiguardian/apiguardian-api/1.1.2/apiguardian-api-1.1.2.jar:/home/runner/.m2/repository/org/junit/jupiter/junit-jupiter-params/5.12.2/junit-jupiter-params-5.12.2.jar:/home/runner/.m2/repository/org/junit/jupiter/junit-jupiter-engine/5.12.2/junit-jupiter-engine-5.12.2.jar:/home/runner/.m2/repository/org/junit/platform/junit-platform-engine/1.12.2/junit-platform-engine-1.12.2.jar:/home/runner/.m2/repository/org/mockito/mockito-core/5.17.0/mockito-core-5.17.0.jar:/home/runner/.m2/repository/net/bytebuddy/byte-buddy-agent/1.17.7/byte-buddy-agent-1.17.7.jar:/home/runner/.m2/repository/org/objenesis/objenesis/3.3/objenesis-3.3.jar:/home/runner/.m2/repository/org/mockito/mockito-junit-jupiter/5.17.0/mockito-junit-jupiter-5.17.0.jar:/home/runner/.m2/repository/org/skyscreamer/jsonassert/1.5.3/jsonassert-1.5.3.jar:/home/runner/.m2/repository/com/vaadin/external/google/android-json/0.0.20131108.vaadin1/android-json-0.0.20131108.vaadin1.jar:/home/runner/.m2/repository/org/springframework/spring-test/6.2.11/spring-test-6.2.11.jar:/home/runner/.m2/repository/org/xmlunit/xmlunit-core/2.10.4/xmlunit-core-2.10.4.jar:/home/runner/.m2/repository/org/liquibase/liquibase-core/4.31.1/liquibase-core-4.31.1.jar:/home/runner/.m2/repository/com/opencsv/opencsv/5.9/opencsv-5.9.jar:/home/runner/.m2/repository/javax/xml/bind/jaxb-api/2.3.1/jaxb-api-2.3.1.jar:/home/runner/.m2/repository/org/apache/commons/commons-collections4/4.4/commons-collections4-4.4.jar:/home/runner/.m2/repository/org/apache/commons/commons-text/1.13.0/commons-text-1.13.0.jar:/home/runner/.m2/repository/org/apache/commons/commons-lang3/3.17.0/commons-lang3-3.17.0.jar:/home/runner/.m2/repository/commons-io/commons-io/2.18.0/commons-io-2.18.0.jar:"/>
    <property name="java.vm.vendor" value="Eclipse Adoptium"/>
    <property name="sun.arch.data.model" value="64"/>
    <property name="java.vendor.url" value="https://adoptium.net/"/>
    <property name="user.timezone" value="Etc/UTC"/>
    <property name="org.jboss.logging.provider" value="slf4j"/>
    <property name="os.name" value="Linux"/>
    <property name="java.vm.specification.version" value="17"/>
    <property name="APPLICATION_NAME" value="asset-store-poc"/>
    <property name="sun.java.launcher" value="SUN_STANDARD"/>
    <property name="sun.boot.library.path" value="/usr/lib/jvm/temurin-17-jdk-amd64/lib"/>
    <property name="sun.java.command" value="/home/runner/work/asset-store-poc/asset-store-poc/target/surefire/surefirebooter-20250925083826984_3.jar /home/runner/work/asset-store-poc/asset-store-poc/target/surefire 2025-09-25T08-38-25_913-jvmRun1 surefire-20250925083826984_1tmp surefire_0-20250925083826984_2tmp"/>
    <property name="jdk.debug" value="release"/>
    <property name="surefire.test.class.path" value="/home/runner/work/asset-store-poc/asset-store-poc/target/test-classes:/home/runner/work/asset-store-poc/asset-store-poc/target/classes:/home/runner/.m2/repository/org/springframework/boot/spring-boot-starter/3.5.6/spring-boot-starter-3.5.6.jar:/home/runner/.m2/repository/org/springframework/boot/spring-boot/3.5.6/spring-boot-3.5.6.jar:/home/runner/.m2/repository/org/springframework/spring-context/6.2.11/spring-context-6.2.11.jar:/home/runner/.m2/repository/org/springframework/boot/spring-boot-autoconfigure/3.5.6/spring-boot-autoconfigure-3.5.6.jar:/home/runner/.m2/repository/org/springframework/boot/spring-boot-starter-logging/3.5.6/spring-boot-starter-logging-3.5.6.jar:/home/runner/.m2/repository/ch/qos/logback/logback-classic/1.5.18/logback-classic-1.5.18.jar:/home/runner/.m2/repository/ch/qos/logback/logback-core/1.5.18/logback-core-1.5.18.jar:/home/runner/.m2/repository/org/apache/logging/log4j/log4j-to-slf4j/2.24.3/log4j-to-slf4j-2.24.3.jar:/home/runner/.m2/repository/org/apache/logging/log4j/log4j-api/2.24.3/log4j-api-2.24.3.jar:/home/runner/.m2/repository/org/slf4j/jul-to-slf4j/2.0.17/jul-to-slf4j-2.0.17.jar:/home/runner/.m2/repository/jakarta/annotation/jakarta.annotation-api/2.1.1/jakarta.annotation-api-2.1.1.jar:/home/runner/.m2/repository/org/springframework/spring-core/6.2.11/spring-core-6.2.11.jar:/home/runner/.m2/repository/org/springframework/spring-jcl/6.2.11/spring-jcl-6.2.11.jar:/home/runner/.m2/repository/org/yaml/snakeyaml/2.4/snakeyaml-2.4.jar:/home/runner/.m2/repository/org/springframework/boot/spring-boot-starter-web/3.5.6/spring-boot-starter-web-3.5.6.jar:/home/runner/.m2/repository/org/springframework/boot/spring-boot-starter-json/3.5.6/spring-boot-starter-json-3.5.6.jar:/home/runner/.m2/repository/com/fasterxml/jackson/datatype/jackson-datatype-jdk8/2.19.2/jackson-datatype-jdk8-2.19.2.jar:/home/runner/.m2/repository/com/fasterxml/jackson/datatype/jackson-datatype-jsr310/2.19.2/jackson-datatype-jsr310-2.19.2.jar:/home/runner/.m2/repository/com/fasterxml/jackson/module/jackson-module-parameter-names/2.19.2/jackson-module-parameter-names-2.19.2.jar:/home/runner/.m2/repository/org/springframework/boot/spring-boot-starter-tomcat/3.5.6/spring-boot-starter-tomcat-3.5.6.jar:/home/runner/.m2/repository/org/apache/tomcat/embed/tomcat-embed-core/10.1.46/tomcat-embed-core-10.1.46.jar:/home/runner/.m2/repository/org/apache/tomcat/embed/tomcat-embed-el/10.1.46/tomcat-embed-el-10.1.46.jar:/home/runner/.m2/repository/org/apache/tomcat/embed/tomcat-embed-websocket/10.1.46/tomcat-embed-websocket-10.1.46.jar:/home/runner/.m2/repository/org/springframework/spring-web/6.2.11/spring-web-6.2.11.jar:/home/runner/.m2/repository/org/springframework/spring-beans/6.2.11/spring-beans-6.2.11.jar:/home/runner/.m2/repository/io/micrometer/micrometer-observation/1.15.4/micrometer-observation-1.15.4.jar:/home/runner/.m2/repository/io/micrometer/micrometer-commons/1.15.4/micrometer-commons-1.15.4.jar:/home/runner/.m2/repository/org/springframework/spring-webmvc/6.2.11/spring-webmvc-6.2.11.jar:/home/runner/.m2/repository/org/springframework/spring-aop/6.2.11/spring-aop-6.2.11.jar:/home/runner/.m2/repository/org/springframework/spring-expression/6.2.11/spring-expression-6.2.11.jar:/home/runner/.m2/repository/org/springframework/boot/spring-boot-starter-data-jpa/3.5.6/spring-boot-starter-data-jpa-3.5.6.jar:/home/runner/.m2/repository/org/springframework/boot/spring-boot-starter-jdbc/3.5.6/spring-boot-starter-jdbc-3.5.6.jar:/home/runner/.m2/repository/com/zaxxer/HikariCP/6.3.3/HikariCP-6.3.3.jar:/home/runner/.m2/repository/org/springframework/spring-jdbc/6.2.11/spring-jdbc-6.2.11.jar:/home/runner/.m2/repository/org/hibernate/orm/hibernate-core/6.6.29.Final/hibernate-core-6.6.29.Final.jar:/home/runner/.m2/repository/jakarta/persistence/jakarta.persistence-api/3.1.0/jakarta.persistence-api-3.1.0.jar:/home/runner/.m2/repository/jakarta/transaction/jakarta.transaction-api/2.0.1/jakarta.transaction-api-2.0.1.jar:/home/runner/.m2/repository/org/jboss/logging/jboss-logging/3.6.1.Final/jboss-logging-3.6.1.Final.jar:/home/runner/.m2/repository/org/hibernate/common/hibernate-commons-annotations/7.0.3.Final/hibernate-commons-annotations-7.0.3.Final.jar:/home/runner/.m2/repository/io/smallrye/jandex/3.2.0/jandex-3.2.0.jar:/home/runner/.m2/repository/com/fasterxml/classmate/1.7.0/classmate-1.7.0.jar:/home/runner/.m2/repository/net/bytebuddy/byte-buddy/1.17.7/byte-buddy-1.17.7.jar:/home/runner/.m2/repository/org/glassfish/jaxb/jaxb-runtime/4.0.5/jaxb-runtime-4.0.5.jar:/home/runner/.m2/repository/org/glassfish/jaxb/jaxb-core/4.0.5/jaxb-core-4.0.5.jar:/home/runner/.m2/repository/org/eclipse/angus/angus-activation/2.0.2/angus-activation-2.0.2.jar:/home/runner/.m2/repository/org/glassfish/jaxb/txw2/4.0.5/txw2-4.0.5.jar:/home/runner/.m2/repository/com/sun/istack/istack-commons-runtime/4.1.2/istack-commons-runtime-4.1.2.jar:/home/runner/.m2/repository/jakarta/inject/jakarta.inject-api/2.0.1/jakarta.inject-api-2.0.1.jar:/home/runner/.m2/repository/org/antlr/antlr4-runtime/4.13.0/antlr4-runtime-4.13.0.jar:/home/runner/.m2/repository/org/springframework/data/spring-data-jpa/3.5.4/spring-data-jpa-3.5.4.jar:/home/runner/.m2/repository/org/springframework/data/spring-data-commons/3.5.4/spring-data-commons-3.5.4.jar:/home/runner/.m2/repository/org/springframework/spring-orm/6.2.11/spring-orm-6.2.11.jar:/home/runner/.m2/repository/org/springframework/spring-tx/6.2.11/spring-tx-6.2.11.jar:/home/runner/.m2/repository/org/springframework/spring-aspects/6.2.11/spring-aspects-6.2.11.jar:/home/runner/.m2/repository/org/aspectj/aspectjweaver/1.9.24/aspectjweaver-1.9.24.jar:/home/runner/.m2/repository/com/h2database/h2/2.3.232/h2-2.3.232.jar:/home/runner/.m2/repository/org/projectlombok/lombok/1.18.40/lombok-1.18.40.jar:/home/runner/.m2/repository/org/mapstruct/mapstruct/1.5.5.Final/mapstruct-1.5.5.Final.jar:/home/runner/.m2/repository/com/networknt/json-schema-validator/1.5.1/json-schema-validator-1.5.1.jar:/home/runner/.m2/repository/com/ethlo/time/itu/1.10.2/itu-1.10.2.jar:/home/runner/.m2/repository/com/fasterxml/jackson/core/jackson-databind/2.19.2/jackson-databind-2.19.2.jar:/home/runner/.m2/repository/com/fasterxml/jackson/core/jackson-annotations/2.19.2/jackson-annotations-2.19.2.jar:/home/runner/.m2/repository/com/fasterxml/jackson/core/jackson-core/2.19.2/jackson-core-2.19.2.jar:/home/runner/.m2/repository/com/fasterxml/jackson/dataformat/jackson-dataformat-yaml/2.19.2/jackson-dataformat-yaml-2.19.2.jar:/home/runner/.m2/repository/org/slf4j/slf4j-api/2.0.17/slf4j-api-2.0.17.jar:/home/runner/.m2/repository/com/schibsted/spt/data/jslt/0.1.14/jslt-0.1.14.jar:/home/runner/.m2/repository/org/springframework/boot/spring-boot-starter-test/3.5.6/spring-boot-starter-test-3.5.6.jar:/home/runner/.m2/repository/org/springframework/boot/spring-boot-test/3.5.6/spring-boot-test-3.5.6.jar:/home/runner/.m2/repository/org/springframework/boot/spring-boot-test-autoconfigure/3.5.6/spring-boot-test-autoconfigure-3.5.6.jar:/home/runner/.m2/repository/com/jayway/jsonpath/json-path/2.9.0/json-path-2.9.0.jar:/home/runner/.m2/repository/jakarta/xml/bind/jakarta.xml.bind-api/4.0.2/jakarta.xml.bind-api-4.0.2.jar:/home/runner/.m2/repository/jakarta/activation/jakarta.activation-api/2.1.4/jakarta.activation-api-2.1.4.jar:/home/runner/.m2/repository/net/minidev/json-smart/2.5.2/json-smart-2.5.2.jar:/home/runner/.m2/repository/net/minidev/accessors-smart/2.5.2/accessors-smart-2.5.2.jar:/home/runner/.m2/repository/org/ow2/asm/asm/9.7.1/asm-9.7.1.jar:/home/runner/.m2/repository/org/assertj/assertj-core/3.27.4/assertj-core-3.27.4.jar:/home/runner/.m2/repository/org/awaitility/awaitility/4.2.2/awaitility-4.2.2.jar:/home/runner/.m2/repository/org/hamcrest/hamcrest/3.0/hamcrest-3.0.jar:/home/runner/.m2/repository/org/junit/jupiter/junit-jupiter/5.12.2/junit-jupiter-5.12.2.jar:/home/runner/.m2/repository/org/junit/jupiter/junit-jupiter-api/5.12.2/junit-jupiter-api-5.12.2.jar:/home/runner/.m2/repository/org/opentest4j/opentest4j/1.3.0/opentest4j-1.3.0.jar:/home/runner/.m2/repository/org/junit/platform/junit-platform-commons/1.12.2/junit-platform-commons-1.12.2.jar:/home/runner/.m2/repository/org/apiguardian/apiguardian-api/1.1.2/apiguardian-api-1.1.2.jar:/home/runner/.m2/repository/org/junit/jupiter/junit-jupiter-params/5.12.2/junit-jupiter-params-5.12.2.jar:/home/runner/.m2/repository/org/junit/jupiter/junit-jupiter-engine/5.12.2/junit-jupiter-engine-5.12.2.jar:/home/runner/.m2/repository/org/junit/platform/junit-platform-engine/1.12.2/junit-platform-engine-1.12.2.jar:/home/runner/.m2/repository/org/mockito/mockito-core/5.17.0/mockito-core-5.17.0.jar:/home/runner/.m2/repository/net/bytebuddy/byte-buddy-agent/1.17.7/byte-buddy-agent-1.17.7.jar:/home/runner/.m2/repository/org/objenesis/objenesis/3.3/objenesis-3.3.jar:/home/runner/.m2/repository/org/mockito/mockito-junit-jupiter/5.17.0/mockito-junit-jupiter-5.17.0.jar:/home/runner/.m2/repository/org/skyscreamer/jsonassert/1.5.3/jsonassert-1.5.3.jar:/home/runner/.m2/repository/com/vaadin/external/google/android-json/0.0.20131108.vaadin1/android-json-0.0.20131108.vaadin1.jar:/home/runner/.m2/repository/org/springframework/spring-test/6.2.11/spring-test-6.2.11.jar:/home/runner/.m2/repository/org/xmlunit/xmlunit-core/2.10.4/xmlunit-core-2.10.4.jar:/home/runner/.m2/repository/org/liquibase/liquibase-core/4.31.1/liquibase-core-4.31.1.jar:/home/runner/.m2/repository/com/opencsv/opencsv/5.9/opencsv-5.9.jar:/home/runner/.m2/repository/javax/xml/bind/jaxb-api/2.3.1/jaxb-api-2.3.1.jar:/home/runner/.m2/repository/org/apache/commons/commons-collections4/4.4/commons-collections4-4.4.jar:/home/runner/.m2/repository/org/apache/commons/commons-text/1.13.0/commons-text-1.13.0.jar:/home/runner/.m2/repository/org/apache/commons/commons-lang3/3.17.0/commons-lang3-3.17.0.jar:/home/runner/.m2/repository/commons-io/commons-io/2.18.0/commons-io-2.18.0.jar:"/>
    <property name="sun.cpu.endian" value="little"/>
    <property name="user.home" value="/home/runner"/>
    <property name="user.language" value="en"/>
    <property name="java.specification.vendor" value="Oracle Corporation"/>
    <property name="java.version.date" value="2025-07-15"/>
    <property name="java.home" value="/usr/lib/jvm/temurin-17-jdk-amd64"/>
    <property name="file.separator" value="/"/>
    <property name="basedir" value="/home/runner/work/asset-store-poc/asset-store-poc"/>
    <property name="java.vm.compressedOopsMode" value="Zero based"/>
    <property name="line.separator" value="&#10;"/>
    <property name="java.specification.name" value="Java Platform API Specification"/>
    <property name="java.vm.specification.vendor" value="Oracle Corporation"/>
    <property name="FILE_LOG_CHARSET" value="UTF-8"/>
    <property name="java.awt.headless" value="true"/>
    <property name="surefire.real.class.path" value="/home/runner/work/asset-store-poc/asset-store-poc/target/surefire/surefirebooter-20250925083826984_3.jar"/>
    <property name="sun.management.compiler" value="HotSpot 64-Bit Tiered Compilers"/>
    <property name="java.runtime.version" value="17.0.16+8"/>
    <property name="user.name" value="runner"/>
    <property name="path.separator" value=":"/>
    <property name="os.version" value="6.11.0-1018-azure"/>
    <property name="java.runtime.name" value="OpenJDK Runtime Environment"/>
    <property name="file.encoding" value="UTF-8"/>
    <property name="java.vm.name" value="OpenJDK 64-Bit Server VM"/>
    <property name="java.vendor.version" value="Temurin-17.0.16+8"/>
    <property name="localRepository" value="/home/runner/.m2/repository"/>
    <property name="java.vendor.url.bug" value="https://github.com/adoptium/adoptium-support/issues"/>
    <property name="java.io.tmpdir" value="/tmp"/>
    <property name="com.zaxxer.hikari.pool_number" value="4"/>
    <property name="java.version" value="17.0.16"/>
    <property name="user.dir" value="/home/runner/work/asset-store-poc/asset-store-poc"/>
    <property name="os.arch" value="amd64"/>
    <property name="java.vm.specification.name" value="Java Virtual Machine Specification"/>
    <property name="PID" value="3412"/>
    <property name="CONSOLE_LOG_CHARSET" value="UTF-8"/>
    <property name="native.encoding" value="UTF-8"/>
    <property name="java.library.path" value="/usr/java/packages/lib:/usr/lib64:/lib64:/lib:/usr/lib"/>
    <property name="java.vm.info" value="mixed mode, sharing"/>
    <property name="java.vendor" value="Eclipse Adoptium"/>
    <property name="java.vm.version" value="17.0.16+8"/>
    <property name="java.specification.maintenance.version" value="1"/>
    <property name="sun.io.unicode.encoding" value="UnicodeLittle"/>
    <property name="java.class.version" value="61.0"/>
    <property name="LOGGED_APPLICATION_NAME" value="[asset-store-poc] "/>
  </properties>
  <testcase name="patchAsset_PATCH_updatesOnlyProvidedFields" classname="com.db.assetstore.api.AssetControllerTest" time="0.063">
    <system-out><![CDATA[
  .   ____          _            __ _ _
 /\\ / ___'_ __ _ _(_)_ __  __ _ \ \ \ \
( ( )\___ | '_ | '_| | '_ \/ _` | \ \ \ \
 \\/  ___)| |_)| | | | | || (_| |  ) ) ) )
  '  |____| .__|_| |_|_| |_\__, | / / / /
 =========|_|==============|___/=/_/_/_/

 :: Spring Boot ::                (v3.5.6)

2025-09-25T08:38:36.615Z  INFO 3412 --- [asset-store-poc] [           main] c.db.assetstore.api.AssetControllerTest  : Starting AssetControllerTest using Java 17.0.16 with PID 3412 (started by runner in /home/runner/work/asset-store-poc/asset-store-poc)
2025-09-25T08:38:36.615Z  INFO 3412 --- [asset-store-poc] [           main] c.db.assetstore.api.AssetControllerTest  : The following 1 profile is active: "test"
2025-09-25T08:38:36.751Z  INFO 3412 --- [asset-store-poc] [           main] .s.d.r.c.RepositoryConfigurationDelegate : Bootstrapping Spring Data JPA repositories in DEFAULT mode.
2025-09-25T08:38:36.767Z  INFO 3412 --- [asset-store-poc] [           main] .s.d.r.c.RepositoryConfigurationDelegate : Finished Spring Data repository scanning in 15 ms. Found 5 JPA repository interfaces.
2025-09-25T08:38:36.833Z  INFO 3412 --- [asset-store-poc] [           main] com.zaxxer.hikari.HikariDataSource       : HikariPool-4 - Starting...
2025-09-25T08:38:36.834Z  INFO 3412 --- [asset-store-poc] [           main] com.zaxxer.hikari.pool.HikariPool        : HikariPool-4 - Added connection conn30: url=jdbc:h2:mem:assetdb user=SA
2025-09-25T08:38:36.834Z  INFO 3412 --- [asset-store-poc] [           main] com.zaxxer.hikari.HikariDataSource       : HikariPool-4 - Start completed.
2025-09-25T08:38:36.835Z  INFO 3412 --- [asset-store-poc] [           main] liquibase.database                       : Set default schema name to PUBLIC
2025-09-25T08:38:36.873Z  INFO 3412 --- [asset-store-poc] [           main] liquibase.changelog                      : Reading from PUBLIC.DATABASECHANGELOG
2025-09-25T08:38:36.890Z  INFO 3412 --- [asset-store-poc] [           main] liquibase.ui                             : Database is up to date, no changesets to execute
2025-09-25T08:38:36.893Z  INFO 3412 --- [asset-store-poc] [           main] liquibase.util                           : UPDATE SUMMARY
2025-09-25T08:38:36.893Z  INFO 3412 --- [asset-store-poc] [           main] liquibase.util                           : Run:                          0
2025-09-25T08:38:36.893Z  INFO 3412 --- [asset-store-poc] [           main] liquibase.util                           : Previously run:               7
2025-09-25T08:38:36.893Z  INFO 3412 --- [asset-store-poc] [           main] liquibase.util                           : Filtered out:                 0
2025-09-25T08:38:36.893Z  INFO 3412 --- [asset-store-poc] [           main] liquibase.util                           : -------------------------------
2025-09-25T08:38:36.893Z  INFO 3412 --- [asset-store-poc] [           main] liquibase.util                           : Total change sets:            7
2025-09-25T08:38:36.893Z  INFO 3412 --- [asset-store-poc] [           main] liquibase.util                           : Update summary generated
2025-09-25T08:38:36.893Z  INFO 3412 --- [asset-store-poc] [           main] liquibase.command                        : Command execution complete
2025-09-25T08:38:36.910Z  INFO 3412 --- [asset-store-poc] [           main] o.hibernate.jpa.internal.util.LogHelper  : HHH000204: Processing PersistenceUnitInfo [name: default]
2025-09-25T08:38:36.912Z  INFO 3412 --- [asset-store-poc] [           main] o.h.c.internal.RegionFactoryInitiator    : HHH000026: Second-level cache disabled
2025-09-25T08:38:36.918Z  INFO 3412 --- [asset-store-poc] [           main] o.s.o.j.p.SpringPersistenceUnitInfo      : No LoadTimeWeaver setup: ignoring JPA class transformer
2025-09-25T08:38:36.920Z  INFO 3412 --- [asset-store-poc] [           main] org.hibernate.orm.connections.pooling    : HHH10001005: Database info:
	Database JDBC URL [Connecting through datasource 'HikariDataSource (HikariPool-4)']
	Database driver: undefined/unknown
	Database version: 2.3.232
	Autocommit mode: undefined/unknown
	Isolation level: undefined/unknown
	Minimum pool size: undefined/unknown
	Maximum pool size: undefined/unknown
2025-09-25T08:38:36.976Z  INFO 3412 --- [asset-store-poc] [           main] o.h.e.t.j.p.i.JtaPlatformInitiator       : HHH000489: No JTA platform available (set 'hibernate.transaction.jta.platform' to enable JTA platform integration)
2025-09-25T08:38:36.976Z  INFO 3412 --- [asset-store-poc] [           main] j.LocalContainerEntityManagerFactoryBean : Initialized JPA EntityManagerFactory for persistence unit 'default'
2025-09-25T08:38:36.983Z  INFO 3412 --- [asset-store-poc] [           main] c.d.a.d.service.type.TypeSchemaRegistry  : TypeSchemaRegistry: supported=[CRE, SHIP] (2 schemas loaded)
2025-09-25T08:38:36.983Z  INFO 3412 --- [asset-store-poc] [           main] c.d.a.d.s.t.AttributeDefinitionRegistry  : AttributeDefinitionRegistry: type=CRE defs=5 (required=1)
2025-09-25T08:38:36.984Z  INFO 3412 --- [asset-store-poc] [           main] c.d.a.d.s.t.AttributeDefinitionRegistry  : AttributeDefinitionRegistry: type=SHIP defs=4 (required=1)
2025-09-25T08:38:37.120Z  INFO 3412 --- [asset-store-poc] [           main] o.s.b.a.h2.H2ConsoleAutoConfiguration    : H2 console available at '/h2-console'. Database available at 'jdbc:h2:mem:assetdb'
2025-09-25T08:38:37.133Z  INFO 3412 --- [asset-store-poc] [           main] o.s.b.t.m.w.SpringBootMockServletContext : Initializing Spring TestDispatcherServlet ''
2025-09-25T08:38:37.133Z  INFO 3412 --- [asset-store-poc] [           main] o.s.t.web.servlet.TestDispatcherServlet  : Initializing Servlet ''
2025-09-25T08:38:37.134Z  INFO 3412 --- [asset-store-poc] [           main] o.s.t.web.servlet.TestDispatcherServlet  : Completed initialization in 1 ms
2025-09-25T08:38:37.143Z  INFO 3412 --- [asset-store-poc] [           main] c.db.assetstore.api.AssetControllerTest  : Started AssetControllerTest in 0.549 seconds (process running for 10.102)
2025-09-25T08:38:37.154Z  INFO 3412 --- [asset-store-poc] [           main] s.s.AttributeDefinitionsBootstrapService : Bootstrapped attribute definitions from JSON Schemas to DB
2025-09-25T08:38:37.154Z  INFO 3412 --- [asset-store-poc] [           main] c.d.a.d.s.startup.StartupInfoService     : Attribute definitions bootstrap completed
2025-09-25T08:38:37.154Z  INFO 3412 --- [asset-store-poc] [           main] c.d.a.d.s.startup.StartupInfoService     : Supported asset types (schemas found): [CRE, SHIP]
2025-09-25T08:38:37.155Z  INFO 3412 --- [asset-store-poc] [           main] c.d.a.d.s.startup.StartupInfoService     : Discovered JSLT transforms (2): [transforms/events/asset-cre.jslt, transforms/events/asset-cre.jslt]
2025-09-25T08:38:37.164Z  INFO 3412 --- [asset-store-poc] [           main] c.d.a.infra.api.AssetController          : Creating asset
2025-09-25T08:38:37.165Z  INFO 3412 --- [asset-store-poc] [           main] c.d.a.i.service.AssetCommandServiceImpl  : Adding asset: type=CRE, id=patch-test-1
2025-09-25T08:38:37.165Z  INFO 3412 --- [asset-store-poc] [           main] c.d.a.i.service.AssetCommandServiceImpl  : insertAllOnCreate(): incomingAttrCount=3
2025-09-25T08:38:37.186Z  INFO 3412 --- [asset-store-poc] [           main] c.d.a.infra.api.AssetController          : HTTP PATCH /assets/patch-test-1 - patch asset
]]></system-out>
  </testcase>
  <testcase name="createBulkAssets_nullRequest_returnsBadRequest" classname="com.db.assetstore.api.AssetControllerTest" time="0.018"/>
  <testcase name="updateAsset_PUT_nonExistentId_returnsNotFound" classname="com.db.assetstore.api.AssetControllerTest" time="0.011">
    <system-out><![CDATA[2025-09-25T08:38:37.245Z  INFO 3412 --- [asset-store-poc] [           main] c.d.a.infra.api.AssetController          : HTTP PUT /assets/non-existent - updating asset
]]></system-out>
  </testcase>
  <testcase name="createSingleAsset_withProvidedId_usesSpecifiedId" classname="com.db.assetstore.api.AssetControllerTest" time="0.026">
    <system-out><![CDATA[2025-09-25T08:38:37.263Z  INFO 3412 --- [asset-store-poc] [           main] c.d.a.infra.api.AssetController          : Creating asset
2025-09-25T08:38:37.264Z  INFO 3412 --- [asset-store-poc] [           main] c.d.a.i.service.AssetCommandServiceImpl  : Adding asset: type=CRE, id=custom-asset-123
2025-09-25T08:38:37.264Z  INFO 3412 --- [asset-store-poc] [           main] c.d.a.i.service.AssetCommandServiceImpl  : insertAllOnCreate(): incomingAttrCount=1
]]></system-out>
  </testcase>
  <testcase name="getAsset_existingId_returnsFullAssetData" classname="com.db.assetstore.api.AssetControllerTest" time="0.019">
    <system-out><![CDATA[2025-09-25T08:38:37.283Z  INFO 3412 --- [asset-store-poc] [           main] c.d.a.infra.api.AssetController          : Creating asset
2025-09-25T08:38:37.284Z  INFO 3412 --- [asset-store-poc] [           main] c.d.a.i.service.AssetCommandServiceImpl  : Adding asset: type=CRE, id=get-test-1
2025-09-25T08:38:37.284Z  INFO 3412 --- [asset-store-poc] [           main] c.d.a.i.service.AssetCommandServiceImpl  : insertAllOnCreate(): incomingAttrCount=3
]]></system-out>
  </testcase>
  <testcase name="createAsset_mixedAttributeTypes_preservesTypeInformation" classname="com.db.assetstore.api.AssetControllerTest" time="0.02">
    <system-out><![CDATA[2025-09-25T08:38:37.303Z  INFO 3412 --- [asset-store-poc] [           main] c.d.a.infra.api.AssetController          : Creating asset
2025-09-25T08:38:37.303Z  INFO 3412 --- [asset-store-poc] [           main] c.d.a.i.service.AssetCommandServiceImpl  : Adding asset: type=CRE, id=e2dab1c3-ee84-4788-81dc-f5ccf4c6c5e6
2025-09-25T08:38:37.304Z  INFO 3412 --- [asset-store-poc] [           main] c.d.a.i.service.AssetCommandServiceImpl  : insertAllOnCreate(): incomingAttrCount=4
]]></system-out>
  </testcase>
  <testcase name="createSingleAsset_CRE_withAllFields_returnsIdAndVerifyData" classname="com.db.assetstore.api.AssetControllerTest" time="0.023">
    <system-out><![CDATA[2025-09-25T08:38:37.324Z  INFO 3412 --- [asset-store-poc] [           main] c.d.a.infra.api.AssetController          : Creating asset
2025-09-25T08:38:37.324Z  INFO 3412 --- [asset-store-poc] [           main] c.d.a.i.service.AssetCommandServiceImpl  : Adding asset: type=CRE, id=1d5b6203-26cb-4af1-bbc2-720514d0350e
2025-09-25T08:38:37.325Z  INFO 3412 --- [asset-store-poc] [           main] c.d.a.i.service.AssetCommandServiceImpl  : insertAllOnCreate(): incomingAttrCount=4
]]></system-out>
  </testcase>
  <testcase name="patchAssetsBulk_emptyArray_returnsNoContent" classname="com.db.assetstore.api.AssetControllerTest" time="0.007">
    <system-out><![CDATA[2025-09-25T08:38:37.348Z  INFO 3412 --- [asset-store-poc] [           main] c.d.a.infra.api.AssetController          : HTTP PATCH /assets/bulk - patch 0 assets
]]></system-out>
  </testcase>
  <testcase name="createSingleAsset_invalidJson_returnsBadRequest" classname="com.db.assetstore.api.AssetControllerTest" time="0.007"/>
  <testcase name="patchAsset_PATCH_nonExistentId_returnsNotFound" classname="com.db.assetstore.api.AssetControllerTest" time="0.009">
    <system-out><![CDATA[2025-09-25T08:38:37.363Z  INFO 3412 --- [asset-store-poc] [           main] c.d.a.infra.api.AssetController          : HTTP PATCH /assets/non-existent - patch asset
]]></system-out>
  </testcase>
  <testcase name="listAssets_returnsJsonArray" classname="com.db.assetstore.api.AssetControllerTest" time="0.022">
    <system-out><![CDATA[2025-09-25T08:38:37.372Z  INFO 3412 --- [asset-store-poc] [           main] c.d.a.infra.api.AssetController          : HTTP GET /assets - listing assets
]]></system-out>
  </testcase>
  <testcase name="createBulkAssets_mixedTypes_returnsAllIds" classname="com.db.assetstore.api.AssetControllerTest" time="0.028">
    <system-out><![CDATA[2025-09-25T08:38:37.396Z  INFO 3412 --- [asset-store-poc] [           main] c.d.a.infra.api.AssetController          : HTTP POST /assets/bulk - creating 2 assets
2025-09-25T08:38:37.397Z  INFO 3412 --- [asset-store-poc] [           main] c.d.a.i.service.AssetCommandServiceImpl  : Adding asset: type=CRE, id=bulk-cre-1
2025-09-25T08:38:37.397Z  INFO 3412 --- [asset-store-poc] [           main] c.d.a.i.service.AssetCommandServiceImpl  : insertAllOnCreate(): incomingAttrCount=2
2025-09-25T08:38:37.402Z  INFO 3412 --- [asset-store-poc] [           main] c.d.a.i.service.AssetCommandServiceImpl  : Adding asset: type=SHIP, id=bulk-ship-1
2025-09-25T08:38:37.402Z  INFO 3412 --- [asset-store-poc] [           main] c.d.a.i.service.AssetCommandServiceImpl  : insertAllOnCreate(): incomingAttrCount=2
]]></system-out>
  </testcase>
  <testcase name="getAsset_nonExistentId_returnsNotFound" classname="com.db.assetstore.api.AssetControllerTest" time="0.008"/>
  <testcase name="createBulkAssets_emptyArray_returnsEmptyArray" classname="com.db.assetstore.api.AssetControllerTest" time="0.006">
    <system-out><![CDATA[2025-09-25T08:38:37.434Z  INFO 3412 --- [asset-store-poc] [           main] c.d.a.infra.api.AssetController          : HTTP POST /assets/bulk - creating 0 assets
]]></system-out>
  </testcase>
  <testcase name="patchAssetsBulk_withNonExistentId_returnsNotFound" classname="com.db.assetstore.api.AssetControllerTest" time="0.009">
    <system-out><![CDATA[2025-09-25T08:38:37.441Z  INFO 3412 --- [asset-store-poc] [           main] c.d.a.infra.api.AssetController          : HTTP PATCH /assets/bulk - patch 1 assets
]]></system-out>
  </testcase>
  <testcase name="patchAssetsBulk_updatesMultipleAssetsPartially" classname="com.db.assetstore.api.AssetControllerTest" time="0.049">
    <system-out><![CDATA[2025-09-25T08:38:37.451Z  INFO 3412 --- [asset-store-poc] [           main] c.d.a.infra.api.AssetController          : Creating asset
2025-09-25T08:38:37.452Z  INFO 3412 --- [asset-store-poc] [           main] c.d.a.i.service.AssetCommandServiceImpl  : Adding asset: type=CRE, id=bulk-patch-1
2025-09-25T08:38:37.452Z  INFO 3412 --- [asset-store-poc] [           main] c.d.a.i.service.AssetCommandServiceImpl  : insertAllOnCreate(): incomingAttrCount=2
2025-09-25T08:38:37.458Z  INFO 3412 --- [asset-store-poc] [           main] c.d.a.infra.api.AssetController          : Creating asset
2025-09-25T08:38:37.459Z  INFO 3412 --- [asset-store-poc] [           main] c.d.a.i.service.AssetCommandServiceImpl  : Adding asset: type=SHIP, id=bulk-patch-2
2025-09-25T08:38:37.459Z  INFO 3412 --- [asset-store-poc] [           main] c.d.a.i.service.AssetCommandServiceImpl  : insertAllOnCreate(): incomingAttrCount=2
2025-09-25T08:38:37.466Z  INFO 3412 --- [asset-store-poc] [           main] c.d.a.infra.api.AssetController          : HTTP PATCH /assets/bulk - patch 2 assets
]]></system-out>
  </testcase>
  <testcase name="createSingleAsset_SHIP_withMinimalFields_handlesDefaults" classname="com.db.assetstore.api.AssetControllerTest" time="0.017">
    <system-out><![CDATA[2025-09-25T08:38:37.501Z  INFO 3412 --- [asset-store-poc] [           main] c.d.a.infra.api.AssetController          : Creating asset
2025-09-25T08:38:37.502Z  INFO 3412 --- [asset-store-poc] [           main] c.d.a.i.service.AssetCommandServiceImpl  : Adding asset: type=SHIP, id=4e2d7eb0-31d9-46f3-ba72-506309a3c73a
2025-09-25T08:38:37.502Z  INFO 3412 --- [asset-store-poc] [           main] c.d.a.i.service.AssetCommandServiceImpl  : insertAllOnCreate(): incomingAttrCount=2
]]></system-out>
  </testcase>
  <testcase name="updateAsset_PUT_updatesAllFields" classname="com.db.assetstore.api.AssetControllerTest" time="0.028">
    <system-out><![CDATA[2025-09-25T08:38:37.518Z  INFO 3412 --- [asset-store-poc] [           main] c.d.a.infra.api.AssetController          : Creating asset
2025-09-25T08:38:37.519Z  INFO 3412 --- [asset-store-poc] [           main] c.d.a.i.service.AssetCommandServiceImpl  : Adding asset: type=CRE, id=put-test-1
2025-09-25T08:38:37.519Z  INFO 3412 --- [asset-store-poc] [           main] c.d.a.i.service.AssetCommandServiceImpl  : insertAllOnCreate(): incomingAttrCount=2
2025-09-25T08:38:37.525Z  INFO 3412 --- [asset-store-poc] [           main] c.d.a.infra.api.AssetController          : HTTP PUT /assets/put-test-1 - updating asset
]]></system-out>
  </testcase>
  <testcase name="createAsset_nullAttributeValues" classname="com.db.assetstore.api.AssetControllerTest" time="0.017">
    <system-out><![CDATA[2025-09-25T08:38:37.548Z  INFO 3412 --- [asset-store-poc] [           main] c.d.a.infra.api.AssetController          : Creating asset
2025-09-25T08:38:37.549Z  INFO 3412 --- [asset-store-poc] [           main] c.d.a.i.service.AssetCommandServiceImpl  : Adding asset: type=CRE, id=20293f96-5922-4ddb-8648-96c2eb0725b2
2025-09-25T08:38:37.549Z  INFO 3412 --- [asset-store-poc] [           main] c.d.a.i.service.AssetCommandServiceImpl  : insertAllOnCreate(): incomingAttrCount=3
]]></system-out>
  </testcase>
  <testcase name="listAssets_afterCreatingMultiple_returnsAllWithProperStructure" classname="com.db.assetstore.api.AssetControllerTest" time="0.035">
    <system-out><![CDATA[2025-09-25T08:38:37.566Z  INFO 3412 --- [asset-store-poc] [           main] c.d.a.infra.api.AssetController          : Creating asset
2025-09-25T08:38:37.566Z  INFO 3412 --- [asset-store-poc] [           main] c.d.a.i.service.AssetCommandServiceImpl  : Adding asset: type=CRE, id=list-cre-1
2025-09-25T08:38:37.566Z  INFO 3412 --- [asset-store-poc] [           main] c.d.a.i.service.AssetCommandServiceImpl  : insertAllOnCreate(): incomingAttrCount=2
2025-09-25T08:38:37.571Z  INFO 3412 --- [asset-store-poc] [           main] c.d.a.infra.api.AssetController          : Creating asset
2025-09-25T08:38:37.572Z  INFO 3412 --- [asset-store-poc] [           main] c.d.a.i.service.AssetCommandServiceImpl  : Adding asset: type=SHIP, id=list-ship-1
2025-09-25T08:38:37.572Z  INFO 3412 --- [asset-store-poc] [           main] c.d.a.i.service.AssetCommandServiceImpl  : insertAllOnCreate(): incomingAttrCount=2
2025-09-25T08:38:37.576Z  INFO 3412 --- [asset-store-poc] [           main] c.d.a.infra.api.AssetController          : HTTP GET /assets - listing assets
]]></system-out>
  </testcase>
  <testcase name="deleteAsset_marksAssetAsDeleted" classname="com.db.assetstore.api.AssetControllerTest" time="0.022">
    <system-out><![CDATA[2025-09-25T08:38:37.601Z  INFO 3412 --- [asset-store-poc] [           main] c.d.a.infra.api.AssetController          : Creating asset
2025-09-25T08:38:37.602Z  INFO 3412 --- [asset-store-poc] [           main] c.d.a.i.service.AssetCommandServiceImpl  : Adding asset: type=CRE, id=2d89452a-5adf-4093-9e6f-efea94acee95
2025-09-25T08:38:37.602Z  INFO 3412 --- [asset-store-poc] [           main] c.d.a.i.service.AssetCommandServiceImpl  : insertAllOnCreate(): incomingAttrCount=1
2025-09-25T08:38:37.608Z  INFO 3412 --- [asset-store-poc] [           main] c.d.a.infra.api.AssetController          : HTTP DELETE /assets/2d89452a-5adf-4093-9e6f-efea94acee95 - delete asset
]]></system-out>
  </testcase>
</testsuite>