<?xml version="1.0" encoding="UTF-8"?>
<testsuite xmlns:xsi="http://www.w3.org/2001/XMLSchema-instance" xsi:noNamespaceSchemaLocation="https://maven.apache.org/surefire/maven-surefire-plugin/xsd/surefire-test-report.xsd" version="3.0.2" name="com.db.assetstore.api.AssetControllerTest" time="6.409" tests="21" errors="0" skipped="0" failures="0">
  <properties>
    <property name="java.specification.version" value="25"/>
    <property name="sun.cpu.isalist" value="amd64"/>
    <property name="sun.jnu.encoding" value="Cp1252"/>
    <property name="java.class.path" value="C:\Users\tzsa\IdeaProjects\asset-store-poc\target\test-classes;C:\Users\tzsa\IdeaProjects\asset-store-poc\target\classes;C:\Users\tzsa\.m2\repository\org\springframework\boot\spring-boot-starter\3.5.6\spring-boot-starter-3.5.6.jar;C:\Users\tzsa\.m2\repository\org\springframework\boot\spring-boot\3.5.6\spring-boot-3.5.6.jar;C:\Users\tzsa\.m2\repository\org\springframework\spring-context\6.2.11\spring-context-6.2.11.jar;C:\Users\tzsa\.m2\repository\org\springframework\boot\spring-boot-autoconfigure\3.5.6\spring-boot-autoconfigure-3.5.6.jar;C:\Users\tzsa\.m2\repository\org\springframework\boot\spring-boot-starter-logging\3.5.6\spring-boot-starter-logging-3.5.6.jar;C:\Users\tzsa\.m2\repository\ch\qos\logback\logback-classic\1.5.18\logback-classic-1.5.18.jar;C:\Users\tzsa\.m2\repository\ch\qos\logback\logback-core\1.5.18\logback-core-1.5.18.jar;C:\Users\tzsa\.m2\repository\org\apache\logging\log4j\log4j-to-slf4j\2.24.3\log4j-to-slf4j-2.24.3.jar;C:\Users\tzsa\.m2\repository\org\apache\logging\log4j\log4j-api\2.24.3\log4j-api-2.24.3.jar;C:\Users\tzsa\.m2\repository\org\slf4j\jul-to-slf4j\2.0.17\jul-to-slf4j-2.0.17.jar;C:\Users\tzsa\.m2\repository\jakarta\annotation\jakarta.annotation-api\2.1.1\jakarta.annotation-api-2.1.1.jar;C:\Users\tzsa\.m2\repository\org\springframework\spring-core\6.2.11\spring-core-6.2.11.jar;C:\Users\tzsa\.m2\repository\org\springframework\spring-jcl\6.2.11\spring-jcl-6.2.11.jar;C:\Users\tzsa\.m2\repository\org\yaml\snakeyaml\2.4\snakeyaml-2.4.jar;C:\Users\tzsa\.m2\repository\org\springframework\boot\spring-boot-starter-web\3.5.6\spring-boot-starter-web-3.5.6.jar;C:\Users\tzsa\.m2\repository\org\springframework\boot\spring-boot-starter-json\3.5.6\spring-boot-starter-json-3.5.6.jar;C:\Users\tzsa\.m2\repository\com\fasterxml\jackson\datatype\jackson-datatype-jdk8\2.19.2\jackson-datatype-jdk8-2.19.2.jar;C:\Users\tzsa\.m2\repository\com\fasterxml\jackson\datatype\jackson-datatype-jsr310\2.19.2\jackson-datatype-jsr310-2.19.2.jar;C:\Users\tzsa\.m2\repository\com\fasterxml\jackson\module\jackson-module-parameter-names\2.19.2\jackson-module-parameter-names-2.19.2.jar;C:\Users\tzsa\.m2\repository\org\springframework\boot\spring-boot-starter-tomcat\3.5.6\spring-boot-starter-tomcat-3.5.6.jar;C:\Users\tzsa\.m2\repository\org\apache\tomcat\embed\tomcat-embed-core\10.1.46\tomcat-embed-core-10.1.46.jar;C:\Users\tzsa\.m2\repository\org\apache\tomcat\embed\tomcat-embed-el\10.1.46\tomcat-embed-el-10.1.46.jar;C:\Users\tzsa\.m2\repository\org\apache\tomcat\embed\tomcat-embed-websocket\10.1.46\tomcat-embed-websocket-10.1.46.jar;C:\Users\tzsa\.m2\repository\org\springframework\spring-web\6.2.11\spring-web-6.2.11.jar;C:\Users\tzsa\.m2\repository\org\springframework\spring-beans\6.2.11\spring-beans-6.2.11.jar;C:\Users\tzsa\.m2\repository\io\micrometer\micrometer-observation\1.15.4\micrometer-observation-1.15.4.jar;C:\Users\tzsa\.m2\repository\io\micrometer\micrometer-commons\1.15.4\micrometer-commons-1.15.4.jar;C:\Users\tzsa\.m2\repository\org\springframework\spring-webmvc\6.2.11\spring-webmvc-6.2.11.jar;C:\Users\tzsa\.m2\repository\org\springframework\spring-aop\6.2.11\spring-aop-6.2.11.jar;C:\Users\tzsa\.m2\repository\org\springframework\spring-expression\6.2.11\spring-expression-6.2.11.jar;C:\Users\tzsa\.m2\repository\org\springframework\boot\spring-boot-starter-data-jpa\3.5.6\spring-boot-starter-data-jpa-3.5.6.jar;C:\Users\tzsa\.m2\repository\org\springframework\boot\spring-boot-starter-jdbc\3.5.6\spring-boot-starter-jdbc-3.5.6.jar;C:\Users\tzsa\.m2\repository\com\zaxxer\HikariCP\6.3.3\HikariCP-6.3.3.jar;C:\Users\tzsa\.m2\repository\org\springframework\spring-jdbc\6.2.11\spring-jdbc-6.2.11.jar;C:\Users\tzsa\.m2\repository\org\hibernate\orm\hibernate-core\6.6.29.Final\hibernate-core-6.6.29.Final.jar;C:\Users\tzsa\.m2\repository\jakarta\persistence\jakarta.persistence-api\3.1.0\jakarta.persistence-api-3.1.0.jar;C:\Users\tzsa\.m2\repository\jakarta\transaction\jakarta.transaction-api\2.0.1\jakarta.transaction-api-2.0.1.jar;C:\Users\tzsa\.m2\repository\org\jboss\logging\jboss-logging\3.6.1.Final\jboss-logging-3.6.1.Final.jar;C:\Users\tzsa\.m2\repository\org\hibernate\common\hibernate-commons-annotations\7.0.3.Final\hibernate-commons-annotations-7.0.3.Final.jar;C:\Users\tzsa\.m2\repository\io\smallrye\jandex\3.2.0\jandex-3.2.0.jar;C:\Users\tzsa\.m2\repository\com\fasterxml\classmate\1.7.0\classmate-1.7.0.jar;C:\Users\tzsa\.m2\repository\net\bytebuddy\byte-buddy\1.17.7\byte-buddy-1.17.7.jar;C:\Users\tzsa\.m2\repository\org\glassfish\jaxb\jaxb-runtime\4.0.5\jaxb-runtime-4.0.5.jar;C:\Users\tzsa\.m2\repository\org\glassfish\jaxb\jaxb-core\4.0.5\jaxb-core-4.0.5.jar;C:\Users\tzsa\.m2\repository\org\eclipse\angus\angus-activation\2.0.2\angus-activation-2.0.2.jar;C:\Users\tzsa\.m2\repository\org\glassfish\jaxb\txw2\4.0.5\txw2-4.0.5.jar;C:\Users\tzsa\.m2\repository\com\sun\istack\istack-commons-runtime\4.1.2\istack-commons-runtime-4.1.2.jar;C:\Users\tzsa\.m2\repository\jakarta\inject\jakarta.inject-api\2.0.1\jakarta.inject-api-2.0.1.jar;C:\Users\tzsa\.m2\repository\org\antlr\antlr4-runtime\4.13.0\antlr4-runtime-4.13.0.jar;C:\Users\tzsa\.m2\repository\org\springframework\data\spring-data-jpa\3.5.4\spring-data-jpa-3.5.4.jar;C:\Users\tzsa\.m2\repository\org\springframework\data\spring-data-commons\3.5.4\spring-data-commons-3.5.4.jar;C:\Users\tzsa\.m2\repository\org\springframework\spring-orm\6.2.11\spring-orm-6.2.11.jar;C:\Users\tzsa\.m2\repository\org\springframework\spring-tx\6.2.11\spring-tx-6.2.11.jar;C:\Users\tzsa\.m2\repository\org\springframework\spring-aspects\6.2.11\spring-aspects-6.2.11.jar;C:\Users\tzsa\.m2\repository\org\aspectj\aspectjweaver\1.9.24\aspectjweaver-1.9.24.jar;C:\Users\tzsa\.m2\repository\com\h2database\h2\2.3.232\h2-2.3.232.jar;C:\Users\tzsa\.m2\repository\org\projectlombok\lombok\1.18.40\lombok-1.18.40.jar;C:\Users\tzsa\.m2\repository\org\mapstruct\mapstruct\1.5.5.Final\mapstruct-1.5.5.Final.jar;C:\Users\tzsa\.m2\repository\com\networknt\json-schema-validator\1.5.1\json-schema-validator-1.5.1.jar;C:\Users\tzsa\.m2\repository\com\ethlo\time\itu\1.10.2\itu-1.10.2.jar;C:\Users\tzsa\.m2\repository\com\fasterxml\jackson\core\jackson-databind\2.19.2\jackson-databind-2.19.2.jar;C:\Users\tzsa\.m2\repository\com\fasterxml\jackson\core\jackson-annotations\2.19.2\jackson-annotations-2.19.2.jar;C:\Users\tzsa\.m2\repository\com\fasterxml\jackson\core\jackson-core\2.19.2\jackson-core-2.19.2.jar;C:\Users\tzsa\.m2\repository\com\fasterxml\jackson\dataformat\jackson-dataformat-yaml\2.19.2\jackson-dataformat-yaml-2.19.2.jar;C:\Users\tzsa\.m2\repository\org\slf4j\slf4j-api\2.0.17\slf4j-api-2.0.17.jar;C:\Users\tzsa\.m2\repository\com\schibsted\spt\data\jslt\0.1.14\jslt-0.1.14.jar;C:\Users\tzsa\.m2\repository\org\springframework\boot\spring-boot-starter-test\3.5.6\spring-boot-starter-test-3.5.6.jar;C:\Users\tzsa\.m2\repository\org\springframework\boot\spring-boot-test\3.5.6\spring-boot-test-3.5.6.jar;C:\Users\tzsa\.m2\repository\org\springframework\boot\spring-boot-test-autoconfigure\3.5.6\spring-boot-test-autoconfigure-3.5.6.jar;C:\Users\tzsa\.m2\repository\com\jayway\jsonpath\json-path\2.9.0\json-path-2.9.0.jar;C:\Users\tzsa\.m2\repository\jakarta\xml\bind\jakarta.xml.bind-api\4.0.2\jakarta.xml.bind-api-4.0.2.jar;C:\Users\tzsa\.m2\repository\jakarta\activation\jakarta.activation-api\2.1.4\jakarta.activation-api-2.1.4.jar;C:\Users\tzsa\.m2\repository\net\minidev\json-smart\2.5.2\json-smart-2.5.2.jar;C:\Users\tzsa\.m2\repository\net\minidev\accessors-smart\2.5.2\accessors-smart-2.5.2.jar;C:\Users\tzsa\.m2\repository\org\ow2\asm\asm\9.7.1\asm-9.7.1.jar;C:\Users\tzsa\.m2\repository\org\assertj\assertj-core\3.27.4\assertj-core-3.27.4.jar;C:\Users\tzsa\.m2\repository\org\awaitility\awaitility\4.2.2\awaitility-4.2.2.jar;C:\Users\tzsa\.m2\repository\org\hamcrest\hamcrest\3.0\hamcrest-3.0.jar;C:\Users\tzsa\.m2\repository\org\junit\jupiter\junit-jupiter\5.12.2\junit-jupiter-5.12.2.jar;C:\Users\tzsa\.m2\repository\org\junit\jupiter\junit-jupiter-api\5.12.2\junit-jupiter-api-5.12.2.jar;C:\Users\tzsa\.m2\repository\org\opentest4j\opentest4j\1.3.0\opentest4j-1.3.0.jar;C:\Users\tzsa\.m2\repository\org\junit\platform\junit-platform-commons\1.12.2\junit-platform-commons-1.12.2.jar;C:\Users\tzsa\.m2\repository\org\apiguardian\apiguardian-api\1.1.2\apiguardian-api-1.1.2.jar;C:\Users\tzsa\.m2\repository\org\junit\jupiter\junit-jupiter-params\5.12.2\junit-jupiter-params-5.12.2.jar;C:\Users\tzsa\.m2\repository\org\junit\jupiter\junit-jupiter-engine\5.12.2\junit-jupiter-engine-5.12.2.jar;C:\Users\tzsa\.m2\repository\org\junit\platform\junit-platform-engine\1.12.2\junit-platform-engine-1.12.2.jar;C:\Users\tzsa\.m2\repository\org\mockito\mockito-core\5.17.0\mockito-core-5.17.0.jar;C:\Users\tzsa\.m2\repository\net\bytebuddy\byte-buddy-agent\1.17.7\byte-buddy-agent-1.17.7.jar;C:\Users\tzsa\.m2\repository\org\objenesis\objenesis\3.3\objenesis-3.3.jar;C:\Users\tzsa\.m2\repository\org\mockito\mockito-junit-jupiter\5.17.0\mockito-junit-jupiter-5.17.0.jar;C:\Users\tzsa\.m2\repository\org\skyscreamer\jsonassert\1.5.3\jsonassert-1.5.3.jar;C:\Users\tzsa\.m2\repository\com\vaadin\external\google\android-json\0.0.20131108.vaadin1\android-json-0.0.20131108.vaadin1.jar;C:\Users\tzsa\.m2\repository\org\springframework\spring-test\6.2.11\spring-test-6.2.11.jar;C:\Users\tzsa\.m2\repository\org\xmlunit\xmlunit-core\2.10.4\xmlunit-core-2.10.4.jar;C:\Users\tzsa\.m2\repository\org\liquibase\liquibase-core\4.31.1\liquibase-core-4.31.1.jar;C:\Users\tzsa\.m2\repository\com\opencsv\opencsv\5.9\opencsv-5.9.jar;C:\Users\tzsa\.m2\repository\javax\xml\bind\jaxb-api\2.3.1\jaxb-api-2.3.1.jar;C:\Users\tzsa\.m2\repository\org\apache\commons\commons-collections4\4.4\commons-collections4-4.4.jar;C:\Users\tzsa\.m2\repository\org\apache\commons\commons-text\1.13.0\commons-text-1.13.0.jar;C:\Users\tzsa\.m2\repository\org\apache\commons\commons-lang3\3.17.0\commons-lang3-3.17.0.jar;C:\Users\tzsa\.m2\repository\commons-io\commons-io\2.18.0\commons-io-2.18.0.jar;"/>
    <property name="java.vm.vendor" value="Oracle Corporation"/>
    <property name="sun.arch.data.model" value="64"/>
    <property name="user.variant" value=""/>
    <property name="java.vendor.url" value="https://java.oracle.com/"/>
    <property name="user.timezone" value="Europe/Warsaw"/>
    <property name="org.jboss.logging.provider" value="slf4j"/>
    <property name="os.name" value="Windows 11"/>
    <property name="java.vm.specification.version" value="25"/>
    <property name="APPLICATION_NAME" value="asset-store-poc"/>
    <property name="user.country" value="PL"/>
    <property name="sun.java.launcher" value="SUN_STANDARD"/>
    <property name="sun.boot.library.path" value="C:\Users\tzsa\.jdks\openjdk-25\bin"/>
    <property name="sun.java.command" value="C:\Users\tzsa\AppData\Local\Temp\surefire9102779960865559212\surefirebooter-20250923225001207_3.jar C:\Users\tzsa\AppData\Local\Temp\surefire9102779960865559212 2025-09-23T22-50-01_092-jvmRun1 surefire-20250923225001207_1tmp surefire_0-20250923225001207_2tmp"/>
    <property name="jdk.debug" value="release"/>
    <property name="surefire.test.class.path" value="C:\Users\tzsa\IdeaProjects\asset-store-poc\target\test-classes;C:\Users\tzsa\IdeaProjects\asset-store-poc\target\classes;C:\Users\tzsa\.m2\repository\org\springframework\boot\spring-boot-starter\3.5.6\spring-boot-starter-3.5.6.jar;C:\Users\tzsa\.m2\repository\org\springframework\boot\spring-boot\3.5.6\spring-boot-3.5.6.jar;C:\Users\tzsa\.m2\repository\org\springframework\spring-context\6.2.11\spring-context-6.2.11.jar;C:\Users\tzsa\.m2\repository\org\springframework\boot\spring-boot-autoconfigure\3.5.6\spring-boot-autoconfigure-3.5.6.jar;C:\Users\tzsa\.m2\repository\org\springframework\boot\spring-boot-starter-logging\3.5.6\spring-boot-starter-logging-3.5.6.jar;C:\Users\tzsa\.m2\repository\ch\qos\logback\logback-classic\1.5.18\logback-classic-1.5.18.jar;C:\Users\tzsa\.m2\repository\ch\qos\logback\logback-core\1.5.18\logback-core-1.5.18.jar;C:\Users\tzsa\.m2\repository\org\apache\logging\log4j\log4j-to-slf4j\2.24.3\log4j-to-slf4j-2.24.3.jar;C:\Users\tzsa\.m2\repository\org\apache\logging\log4j\log4j-api\2.24.3\log4j-api-2.24.3.jar;C:\Users\tzsa\.m2\repository\org\slf4j\jul-to-slf4j\2.0.17\jul-to-slf4j-2.0.17.jar;C:\Users\tzsa\.m2\repository\jakarta\annotation\jakarta.annotation-api\2.1.1\jakarta.annotation-api-2.1.1.jar;C:\Users\tzsa\.m2\repository\org\springframework\spring-core\6.2.11\spring-core-6.2.11.jar;C:\Users\tzsa\.m2\repository\org\springframework\spring-jcl\6.2.11\spring-jcl-6.2.11.jar;C:\Users\tzsa\.m2\repository\org\yaml\snakeyaml\2.4\snakeyaml-2.4.jar;C:\Users\tzsa\.m2\repository\org\springframework\boot\spring-boot-starter-web\3.5.6\spring-boot-starter-web-3.5.6.jar;C:\Users\tzsa\.m2\repository\org\springframework\boot\spring-boot-starter-json\3.5.6\spring-boot-starter-json-3.5.6.jar;C:\Users\tzsa\.m2\repository\com\fasterxml\jackson\datatype\jackson-datatype-jdk8\2.19.2\jackson-datatype-jdk8-2.19.2.jar;C:\Users\tzsa\.m2\repository\com\fasterxml\jackson\datatype\jackson-datatype-jsr310\2.19.2\jackson-datatype-jsr310-2.19.2.jar;C:\Users\tzsa\.m2\repository\com\fasterxml\jackson\module\jackson-module-parameter-names\2.19.2\jackson-module-parameter-names-2.19.2.jar;C:\Users\tzsa\.m2\repository\org\springframework\boot\spring-boot-starter-tomcat\3.5.6\spring-boot-starter-tomcat-3.5.6.jar;C:\Users\tzsa\.m2\repository\org\apache\tomcat\embed\tomcat-embed-core\10.1.46\tomcat-embed-core-10.1.46.jar;C:\Users\tzsa\.m2\repository\org\apache\tomcat\embed\tomcat-embed-el\10.1.46\tomcat-embed-el-10.1.46.jar;C:\Users\tzsa\.m2\repository\org\apache\tomcat\embed\tomcat-embed-websocket\10.1.46\tomcat-embed-websocket-10.1.46.jar;C:\Users\tzsa\.m2\repository\org\springframework\spring-web\6.2.11\spring-web-6.2.11.jar;C:\Users\tzsa\.m2\repository\org\springframework\spring-beans\6.2.11\spring-beans-6.2.11.jar;C:\Users\tzsa\.m2\repository\io\micrometer\micrometer-observation\1.15.4\micrometer-observation-1.15.4.jar;C:\Users\tzsa\.m2\repository\io\micrometer\micrometer-commons\1.15.4\micrometer-commons-1.15.4.jar;C:\Users\tzsa\.m2\repository\org\springframework\spring-webmvc\6.2.11\spring-webmvc-6.2.11.jar;C:\Users\tzsa\.m2\repository\org\springframework\spring-aop\6.2.11\spring-aop-6.2.11.jar;C:\Users\tzsa\.m2\repository\org\springframework\spring-expression\6.2.11\spring-expression-6.2.11.jar;C:\Users\tzsa\.m2\repository\org\springframework\boot\spring-boot-starter-data-jpa\3.5.6\spring-boot-starter-data-jpa-3.5.6.jar;C:\Users\tzsa\.m2\repository\org\springframework\boot\spring-boot-starter-jdbc\3.5.6\spring-boot-starter-jdbc-3.5.6.jar;C:\Users\tzsa\.m2\repository\com\zaxxer\HikariCP\6.3.3\HikariCP-6.3.3.jar;C:\Users\tzsa\.m2\repository\org\springframework\spring-jdbc\6.2.11\spring-jdbc-6.2.11.jar;C:\Users\tzsa\.m2\repository\org\hibernate\orm\hibernate-core\6.6.29.Final\hibernate-core-6.6.29.Final.jar;C:\Users\tzsa\.m2\repository\jakarta\persistence\jakarta.persistence-api\3.1.0\jakarta.persistence-api-3.1.0.jar;C:\Users\tzsa\.m2\repository\jakarta\transaction\jakarta.transaction-api\2.0.1\jakarta.transaction-api-2.0.1.jar;C:\Users\tzsa\.m2\repository\org\jboss\logging\jboss-logging\3.6.1.Final\jboss-logging-3.6.1.Final.jar;C:\Users\tzsa\.m2\repository\org\hibernate\common\hibernate-commons-annotations\7.0.3.Final\hibernate-commons-annotations-7.0.3.Final.jar;C:\Users\tzsa\.m2\repository\io\smallrye\jandex\3.2.0\jandex-3.2.0.jar;C:\Users\tzsa\.m2\repository\com\fasterxml\classmate\1.7.0\classmate-1.7.0.jar;C:\Users\tzsa\.m2\repository\net\bytebuddy\byte-buddy\1.17.7\byte-buddy-1.17.7.jar;C:\Users\tzsa\.m2\repository\org\glassfish\jaxb\jaxb-runtime\4.0.5\jaxb-runtime-4.0.5.jar;C:\Users\tzsa\.m2\repository\org\glassfish\jaxb\jaxb-core\4.0.5\jaxb-core-4.0.5.jar;C:\Users\tzsa\.m2\repository\org\eclipse\angus\angus-activation\2.0.2\angus-activation-2.0.2.jar;C:\Users\tzsa\.m2\repository\org\glassfish\jaxb\txw2\4.0.5\txw2-4.0.5.jar;C:\Users\tzsa\.m2\repository\com\sun\istack\istack-commons-runtime\4.1.2\istack-commons-runtime-4.1.2.jar;C:\Users\tzsa\.m2\repository\jakarta\inject\jakarta.inject-api\2.0.1\jakarta.inject-api-2.0.1.jar;C:\Users\tzsa\.m2\repository\org\antlr\antlr4-runtime\4.13.0\antlr4-runtime-4.13.0.jar;C:\Users\tzsa\.m2\repository\org\springframework\data\spring-data-jpa\3.5.4\spring-data-jpa-3.5.4.jar;C:\Users\tzsa\.m2\repository\org\springframework\data\spring-data-commons\3.5.4\spring-data-commons-3.5.4.jar;C:\Users\tzsa\.m2\repository\org\springframework\spring-orm\6.2.11\spring-orm-6.2.11.jar;C:\Users\tzsa\.m2\repository\org\springframework\spring-tx\6.2.11\spring-tx-6.2.11.jar;C:\Users\tzsa\.m2\repository\org\springframework\spring-aspects\6.2.11\spring-aspects-6.2.11.jar;C:\Users\tzsa\.m2\repository\org\aspectj\aspectjweaver\1.9.24\aspectjweaver-1.9.24.jar;C:\Users\tzsa\.m2\repository\com\h2database\h2\2.3.232\h2-2.3.232.jar;C:\Users\tzsa\.m2\repository\org\projectlombok\lombok\1.18.40\lombok-1.18.40.jar;C:\Users\tzsa\.m2\repository\org\mapstruct\mapstruct\1.5.5.Final\mapstruct-1.5.5.Final.jar;C:\Users\tzsa\.m2\repository\com\networknt\json-schema-validator\1.5.1\json-schema-validator-1.5.1.jar;C:\Users\tzsa\.m2\repository\com\ethlo\time\itu\1.10.2\itu-1.10.2.jar;C:\Users\tzsa\.m2\repository\com\fasterxml\jackson\core\jackson-databind\2.19.2\jackson-databind-2.19.2.jar;C:\Users\tzsa\.m2\repository\com\fasterxml\jackson\core\jackson-annotations\2.19.2\jackson-annotations-2.19.2.jar;C:\Users\tzsa\.m2\repository\com\fasterxml\jackson\core\jackson-core\2.19.2\jackson-core-2.19.2.jar;C:\Users\tzsa\.m2\repository\com\fasterxml\jackson\dataformat\jackson-dataformat-yaml\2.19.2\jackson-dataformat-yaml-2.19.2.jar;C:\Users\tzsa\.m2\repository\org\slf4j\slf4j-api\2.0.17\slf4j-api-2.0.17.jar;C:\Users\tzsa\.m2\repository\com\schibsted\spt\data\jslt\0.1.14\jslt-0.1.14.jar;C:\Users\tzsa\.m2\repository\org\springframework\boot\spring-boot-starter-test\3.5.6\spring-boot-starter-test-3.5.6.jar;C:\Users\tzsa\.m2\repository\org\springframework\boot\spring-boot-test\3.5.6\spring-boot-test-3.5.6.jar;C:\Users\tzsa\.m2\repository\org\springframework\boot\spring-boot-test-autoconfigure\3.5.6\spring-boot-test-autoconfigure-3.5.6.jar;C:\Users\tzsa\.m2\repository\com\jayway\jsonpath\json-path\2.9.0\json-path-2.9.0.jar;C:\Users\tzsa\.m2\repository\jakarta\xml\bind\jakarta.xml.bind-api\4.0.2\jakarta.xml.bind-api-4.0.2.jar;C:\Users\tzsa\.m2\repository\jakarta\activation\jakarta.activation-api\2.1.4\jakarta.activation-api-2.1.4.jar;C:\Users\tzsa\.m2\repository\net\minidev\json-smart\2.5.2\json-smart-2.5.2.jar;C:\Users\tzsa\.m2\repository\net\minidev\accessors-smart\2.5.2\accessors-smart-2.5.2.jar;C:\Users\tzsa\.m2\repository\org\ow2\asm\asm\9.7.1\asm-9.7.1.jar;C:\Users\tzsa\.m2\repository\org\assertj\assertj-core\3.27.4\assertj-core-3.27.4.jar;C:\Users\tzsa\.m2\repository\org\awaitility\awaitility\4.2.2\awaitility-4.2.2.jar;C:\Users\tzsa\.m2\repository\org\hamcrest\hamcrest\3.0\hamcrest-3.0.jar;C:\Users\tzsa\.m2\repository\org\junit\jupiter\junit-jupiter\5.12.2\junit-jupiter-5.12.2.jar;C:\Users\tzsa\.m2\repository\org\junit\jupiter\junit-jupiter-api\5.12.2\junit-jupiter-api-5.12.2.jar;C:\Users\tzsa\.m2\repository\org\opentest4j\opentest4j\1.3.0\opentest4j-1.3.0.jar;C:\Users\tzsa\.m2\repository\org\junit\platform\junit-platform-commons\1.12.2\junit-platform-commons-1.12.2.jar;C:\Users\tzsa\.m2\repository\org\apiguardian\apiguardian-api\1.1.2\apiguardian-api-1.1.2.jar;C:\Users\tzsa\.m2\repository\org\junit\jupiter\junit-jupiter-params\5.12.2\junit-jupiter-params-5.12.2.jar;C:\Users\tzsa\.m2\repository\org\junit\jupiter\junit-jupiter-engine\5.12.2\junit-jupiter-engine-5.12.2.jar;C:\Users\tzsa\.m2\repository\org\junit\platform\junit-platform-engine\1.12.2\junit-platform-engine-1.12.2.jar;C:\Users\tzsa\.m2\repository\org\mockito\mockito-core\5.17.0\mockito-core-5.17.0.jar;C:\Users\tzsa\.m2\repository\net\bytebuddy\byte-buddy-agent\1.17.7\byte-buddy-agent-1.17.7.jar;C:\Users\tzsa\.m2\repository\org\objenesis\objenesis\3.3\objenesis-3.3.jar;C:\Users\tzsa\.m2\repository\org\mockito\mockito-junit-jupiter\5.17.0\mockito-junit-jupiter-5.17.0.jar;C:\Users\tzsa\.m2\repository\org\skyscreamer\jsonassert\1.5.3\jsonassert-1.5.3.jar;C:\Users\tzsa\.m2\repository\com\vaadin\external\google\android-json\0.0.20131108.vaadin1\android-json-0.0.20131108.vaadin1.jar;C:\Users\tzsa\.m2\repository\org\springframework\spring-test\6.2.11\spring-test-6.2.11.jar;C:\Users\tzsa\.m2\repository\org\xmlunit\xmlunit-core\2.10.4\xmlunit-core-2.10.4.jar;C:\Users\tzsa\.m2\repository\org\liquibase\liquibase-core\4.31.1\liquibase-core-4.31.1.jar;C:\Users\tzsa\.m2\repository\com\opencsv\opencsv\5.9\opencsv-5.9.jar;C:\Users\tzsa\.m2\repository\javax\xml\bind\jaxb-api\2.3.1\jaxb-api-2.3.1.jar;C:\Users\tzsa\.m2\repository\org\apache\commons\commons-collections4\4.4\commons-collections4-4.4.jar;C:\Users\tzsa\.m2\repository\org\apache\commons\commons-text\1.13.0\commons-text-1.13.0.jar;C:\Users\tzsa\.m2\repository\org\apache\commons\commons-lang3\3.17.0\commons-lang3-3.17.0.jar;C:\Users\tzsa\.m2\repository\commons-io\commons-io\2.18.0\commons-io-2.18.0.jar;"/>
    <property name="sun.cpu.endian" value="little"/>
    <property name="user.home" value="C:\Users\tzsa"/>
    <property name="user.language" value="pl"/>
    <property name="java.specification.vendor" value="Oracle Corporation"/>
    <property name="java.version.date" value="2025-09-16"/>
    <property name="java.home" value="C:\Users\tzsa\.jdks\openjdk-25"/>
    <property name="file.separator" value="\"/>
    <property name="basedir" value="C:\Users\tzsa\IdeaProjects\asset-store-poc"/>
    <property name="style.color" value="always"/>
    <property name="java.vm.compressedOopsMode" value="Zero based"/>
    <property name="line.separator" value="&#10;"/>
    <property name="java.vm.specification.vendor" value="Oracle Corporation"/>
    <property name="java.specification.name" value="Java Platform API Specification"/>
    <property name="FILE_LOG_CHARSET" value="UTF-8"/>
    <property name="java.awt.headless" value="true"/>
    <property name="surefire.real.class.path" value="C:\Users\tzsa\AppData\Local\Temp\surefire9102779960865559212\surefirebooter-20250923225001207_3.jar"/>
    <property name="user.script" value=""/>
    <property name="sun.management.compiler" value="HotSpot 64-Bit Tiered Compilers"/>
    <property name="java.runtime.version" value="25+36-3489"/>
    <property name="user.name" value="tzsa"/>
    <property name="stdout.encoding" value="Cp1252"/>
    <property name="path.separator" value=";"/>
    <property name="os.version" value="10.0"/>
    <property name="java.runtime.name" value="OpenJDK Runtime Environment"/>
    <property name="file.encoding" value="UTF-8"/>
    <property name="java.vm.name" value="OpenJDK 64-Bit Server VM"/>
    <property name="maven.ext.class.path" value="C:\Users\tzsa\AppData\Local\Programs\IntelliJ IDEA 2025.2.1\plugins\maven\lib\maven-event-listener.jar"/>
    <property name="localRepository" value="C:\Users\tzsa\.m2\repository"/>
    <property name="java.vendor.url.bug" value="https://bugreport.java.com/bugreport/"/>
    <property name="java.io.tmpdir" value="C:\Users\tzsa\AppData\Local\Temp\"/>
    <property name="idea.version" value="2025.2.1"/>
    <property name="com.zaxxer.hikari.pool_number" value="1"/>
    <property name="java.version" value="25"/>
    <property name="user.dir" value="C:\Users\tzsa\IdeaProjects\asset-store-poc"/>
    <property name="os.arch" value="amd64"/>
    <property name="jansi.passthrough" value="true"/>
    <property name="java.vm.specification.name" value="Java Virtual Machine Specification"/>
    <property name="PID" value="37284"/>
    <property name="sun.os.patch.level" value=""/>
    <property name="CONSOLE_LOG_CHARSET" value="UTF-8"/>
    <property name="native.encoding" value="Cp1252"/>
    <property name="java.library.path" value="C:\Users\tzsa\.jdks\openjdk-25\bin;C:\WINDOWS\Sun\Java\bin;C:\WINDOWS\system32;C:\WINDOWS;C:\WINDOWS\system32;C:\WINDOWS;C:\WINDOWS\System32\Wbem;C:\WINDOWS\System32\WindowsPowerShell\v1.0\;C:\WINDOWS\System32\OpenSSH\;C:\Program Files\dotnet\;C:\Users\tzsa\AppData\Local\Microsoft\WindowsApps;C:\Users\tzsa\AppData\Local\Programs\Git\cmd;."/>
    <property name="java.vm.info" value="mixed mode, sharing"/>
    <property name="stderr.encoding" value="Cp1252"/>
    <property name="java.vendor" value="Oracle Corporation"/>
    <property name="java.vm.version" value="25+36-3489"/>
    <property name="stdin.encoding" value="Cp1252"/>
    <property name="sun.io.unicode.encoding" value="UnicodeLittle"/>
    <property name="maven.repo.local" value="C:\Users\tzsa\.m2\repository"/>
    <property name="java.class.version" value="69.0"/>
    <property name="LOGGED_APPLICATION_NAME" value="[asset-store-poc] "/>
  </properties>
  <testcase name="patchAsset_PATCH_updatesOnlyProvidedFields" classname="com.db.assetstore.api.AssetControllerTest" time="0.595">
    <system-out><![CDATA[
  .   ____          _            __ _ _
 /\\ / ___'_ __ _ _(_)_ __  __ _ \ \ \ \
( ( )\___ | '_ | '_| | '_ \/ _` | \ \ \ \
 \\/  ___)| |_)| | | | | || (_| |  ) ) ) )
  '  |____| .__|_| |_|_| |_\__, | / / / /
 =========|_|==============|___/=/_/_/_/

 :: Spring Boot ::                (v3.5.6)

2025-09-23T22:50:02.789+02:00  INFO 37284 --- [asset-store-poc] [           main] c.db.assetstore.api.AssetControllerTest  : Starting AssetControllerTest using Java 25 with PID 37284 (started by tzsa in C:\Users\tzsa\IdeaProjects\asset-store-poc)
2025-09-23T22:50:02.791+02:00  INFO 37284 --- [asset-store-poc] [           main] c.db.assetstore.api.AssetControllerTest  : The following 1 profile is active: "test"
2025-09-23T22:50:03.378+02:00  INFO 37284 --- [asset-store-poc] [           main] .s.d.r.c.RepositoryConfigurationDelegate : Bootstrapping Spring Data JPA repositories in DEFAULT mode.
2025-09-23T22:50:03.444+02:00  INFO 37284 --- [asset-store-poc] [           main] .s.d.r.c.RepositoryConfigurationDelegate : Finished Spring Data repository scanning in 59 ms. Found 4 JPA repository interfaces.
2025-09-23T22:50:03.833+02:00  INFO 37284 --- [asset-store-poc] [           main] com.zaxxer.hikari.HikariDataSource       : HikariPool-1 - Starting...
2025-09-23T22:50:04.003+02:00  INFO 37284 --- [asset-store-poc] [           main] com.zaxxer.hikari.pool.HikariPool        : HikariPool-1 - Added connection conn0: url=jdbc:h2:mem:assetdb user=SA
2025-09-23T22:50:04.005+02:00  INFO 37284 --- [asset-store-poc] [           main] com.zaxxer.hikari.HikariDataSource       : HikariPool-1 - Start completed.
2025-09-23T22:50:04.069+02:00  INFO 37284 --- [asset-store-poc] [           main] liquibase.database                       : Set default schema name to PUBLIC
2025-09-23T22:50:04.445+02:00  INFO 37284 --- [asset-store-poc] [           main] liquibase.changelog                      : Creating database history table with name: PUBLIC.DATABASECHANGELOG
2025-09-23T22:50:04.529+02:00  INFO 37284 --- [asset-store-poc] [           main] liquibase.changelog                      : Reading from PUBLIC.DATABASECHANGELOG
2025-09-23T22:50:04.538+02:00  INFO 37284 --- [asset-store-poc] [           main] liquibase.snapshot                       : Creating snapshot
2025-09-23T22:50:04.622+02:00  INFO 37284 --- [asset-store-poc] [           main] liquibase.lockservice                    : Successfully acquired change log lock
2025-09-23T22:50:04.622+02:00  INFO 37284 --- [asset-store-poc] [           main] liquibase.command                        : Using deploymentId: 8660603820
2025-09-23T22:50:04.624+02:00  INFO 37284 --- [asset-store-poc] [           main] liquibase.changelog                      : Reading from PUBLIC.DATABASECHANGELOG
2025-09-23T22:50:04.651+02:00  INFO 37284 --- [asset-store-poc] [           main] liquibase.ui                             : Running Changeset: db/changelog/changelog-master.xml::1-create-tables::junie
2025-09-23T22:50:04.657+02:00  INFO 37284 --- [asset-store-poc] [           main] liquibase.changelog                      : Table assets created
2025-09-23T22:50:04.662+02:00  INFO 37284 --- [asset-store-poc] [           main] liquibase.changelog                      : Table asset_attribute created
2025-09-23T22:50:04.664+02:00  INFO 37284 --- [asset-store-poc] [           main] liquibase.changelog                      : Unique constraint added to asset_attribute(asset_id,name)
2025-09-23T22:50:04.666+02:00  INFO 37284 --- [asset-store-poc] [           main] liquibase.changelog                      : Table asset_attribute_history created
2025-09-23T22:50:04.671+02:00  INFO 37284 --- [asset-store-poc] [           main] liquibase.changelog                      : Foreign key constraint added to asset_attribute (asset_id)
2025-09-23T22:50:04.672+02:00  INFO 37284 --- [asset-store-poc] [           main] liquibase.changelog                      : Foreign key constraint added to asset_attribute_history (asset_id)
2025-09-23T22:50:04.673+02:00  INFO 37284 --- [asset-store-poc] [           main] liquibase.changelog                      : ChangeSet db/changelog/changelog-master.xml::1-create-tables::junie ran successfully in 20ms
2025-09-23T22:50:04.677+02:00  INFO 37284 --- [asset-store-poc] [           main] liquibase.ui                             : Running Changeset: db/changelog/changelog-master.xml::2-attr-definitions::junie
2025-09-23T22:50:04.679+02:00  INFO 37284 --- [asset-store-poc] [           main] liquibase.changelog                      : Table asset_attribute_def created
2025-09-23T22:50:04.680+02:00  INFO 37284 --- [asset-store-poc] [           main] liquibase.changelog                      : Unique constraint added to asset_attribute_def(type,name)
2025-09-23T22:50:04.681+02:00  INFO 37284 --- [asset-store-poc] [           main] liquibase.changelog                      : ChangeSet db/changelog/changelog-master.xml::2-attr-definitions::junie ran successfully in 3ms
2025-09-23T22:50:04.682+02:00  INFO 37284 --- [asset-store-poc] [           main] liquibase.ui                             : Running Changeset: db/changelog/changelog-master.xml::3-attr-history-fk::junie
2025-09-23T22:50:04.691+02:00  INFO 37284 --- [asset-store-poc] [           main] liquibase.changelog                      : Columns attribute_id(bigint) added to asset_attribute_history
2025-09-23T22:50:04.693+02:00  INFO 37284 --- [asset-store-poc] [           main] liquibase.changelog                      : Foreign key constraint added to asset_attribute_history (attribute_id)
2025-09-23T22:50:04.693+02:00  INFO 37284 --- [asset-store-poc] [           main] liquibase.changelog                      : ChangeSet db/changelog/changelog-master.xml::3-attr-history-fk::junie ran successfully in 11ms
2025-09-23T22:50:04.695+02:00  INFO 37284 --- [asset-store-poc] [           main] liquibase.ui                             : Running Changeset: db/changelog/changelog-master.xml::4-asset-extra-columns::junie
2025-09-23T22:50:04.744+02:00  INFO 37284 --- [asset-store-poc] [           main] liquibase.changelog                      : Columns version(bigint),status(varchar(64)),subtype(varchar(64)),status_effective_time(timestamp),created_by(varchar(64)),modified_at(timestamp),modified_by(varchar(64)),notional_amount(decimal(19,4)),asset_year(int),wh(varchar(64)),source_system_name(varchar(64)),external_reference(varchar(128)),description(varchar(1024)),currency(varchar(8)) added to assets
2025-09-23T22:50:04.744+02:00  INFO 37284 --- [asset-store-poc] [           main] liquibase.changelog                      : ChangeSet db/changelog/changelog-master.xml::4-asset-extra-columns::junie ran successfully in 48ms
2025-09-23T22:50:04.747+02:00  INFO 37284 --- [asset-store-poc] [           main] liquibase.ui                             : Running Changeset: db/changelog/changelog-master.xml::5-attr-typed-columns::junie
2025-09-23T22:50:04.758+02:00  INFO 37284 --- [asset-store-poc] [           main] liquibase.changelog                      : Columns value_str(varchar(1024)),value_bool(boolean),value_num(decimal(38,10)) added to asset_attribute
2025-09-23T22:50:04.760+02:00  INFO 37284 --- [asset-store-poc] [           main] liquibase.changelog                      : Column asset_attribute.attr_value dropped
2025-09-23T22:50:04.761+02:00  INFO 37284 --- [asset-store-poc] [           main] liquibase.changelog                      : ChangeSet db/changelog/changelog-master.xml::5-attr-typed-columns::junie ran successfully in 14ms
2025-09-23T22:50:04.763+02:00  INFO 37284 --- [asset-store-poc] [           main] liquibase.ui                             : Running Changeset: db/changelog/changelog-master.xml::6-attr-history-typed-columns::junie
2025-09-23T22:50:04.774+02:00  INFO 37284 --- [asset-store-poc] [           main] liquibase.changelog                      : Columns value_str(varchar(1024)),value_bool(boolean),value_num(decimal(38,10)) added to asset_attribute_history
2025-09-23T22:50:04.777+02:00  INFO 37284 --- [asset-store-poc] [           main] liquibase.changelog                      : Column asset_attribute_history.attr_value dropped
2025-09-23T22:50:04.777+02:00  INFO 37284 --- [asset-store-poc] [           main] liquibase.changelog                      : ChangeSet db/changelog/changelog-master.xml::6-attr-history-typed-columns::junie ran successfully in 14ms
2025-09-23T22:50:04.783+02:00  INFO 37284 --- [asset-store-poc] [           main] liquibase.util                           : UPDATE SUMMARY
2025-09-23T22:50:04.783+02:00  INFO 37284 --- [asset-store-poc] [           main] liquibase.util                           : Run:                          6
2025-09-23T22:50:04.783+02:00  INFO 37284 --- [asset-store-poc] [           main] liquibase.util                           : Previously run:               0
2025-09-23T22:50:04.783+02:00  INFO 37284 --- [asset-store-poc] [           main] liquibase.util                           : Filtered out:                 0
2025-09-23T22:50:04.784+02:00  INFO 37284 --- [asset-store-poc] [           main] liquibase.util                           : -------------------------------
2025-09-23T22:50:04.784+02:00  INFO 37284 --- [asset-store-poc] [           main] liquibase.util                           : Total change sets:            6
2025-09-23T22:50:04.784+02:00  INFO 37284 --- [asset-store-poc] [           main] liquibase.util                           : Update summary generated
2025-09-23T22:50:04.787+02:00  INFO 37284 --- [asset-store-poc] [           main] liquibase.command                        : Update command completed successfully.
2025-09-23T22:50:04.787+02:00  INFO 37284 --- [asset-store-poc] [           main] liquibase.ui                             : Liquibase: Update has been successful. Rows affected: 6
2025-09-23T22:50:04.789+02:00  INFO 37284 --- [asset-store-poc] [           main] liquibase.lockservice                    : Successfully released change log lock
2025-09-23T22:50:04.789+02:00  INFO 37284 --- [asset-store-poc] [           main] liquibase.command                        : Command execution complete
2025-09-23T22:50:05.466+02:00  INFO 37284 --- [asset-store-poc] [           main] o.hibernate.jpa.internal.util.LogHelper  : HHH000204: Processing PersistenceUnitInfo [name: default]
2025-09-23T22:50:05.515+02:00  INFO 37284 --- [asset-store-poc] [           main] org.hibernate.Version                    : HHH000412: Hibernate ORM core version 6.6.29.Final
2025-09-23T22:50:05.545+02:00  INFO 37284 --- [asset-store-poc] [           main] o.h.c.internal.RegionFactoryInitiator    : HHH000026: Second-level cache disabled
2025-09-23T22:50:05.788+02:00  INFO 37284 --- [asset-store-poc] [           main] o.s.o.j.p.SpringPersistenceUnitInfo      : No LoadTimeWeaver setup: ignoring JPA class transformer
2025-09-23T22:50:05.841+02:00  INFO 37284 --- [asset-store-poc] [           main] org.hibernate.orm.connections.pooling    : HHH10001005: Database info:
	Database JDBC URL [Connecting through datasource 'HikariDataSource (HikariPool-1)']
	Database driver: undefined/unknown
	Database version: 2.3.232
	Autocommit mode: undefined/unknown
	Isolation level: undefined/unknown
	Minimum pool size: undefined/unknown
	Maximum pool size: undefined/unknown
2025-09-23T22:50:06.606+02:00  INFO 37284 --- [asset-store-poc] [           main] o.h.e.t.j.p.i.JtaPlatformInitiator       : HHH000489: No JTA platform available (set 'hibernate.transaction.jta.platform' to enable JTA platform integration)
2025-09-23T22:50:06.609+02:00  INFO 37284 --- [asset-store-poc] [           main] j.LocalContainerEntityManagerFactoryBean : Initialized JPA EntityManagerFactory for persistence unit 'default'
2025-09-23T22:50:06.646+02:00  INFO 37284 --- [asset-store-poc] [           main] c.d.a.domain.schema.TypeSchemaRegistry   : TypeSchemaRegistry initialized: supported types=[SHIP, CRE] (2 schemas found)
2025-09-23T22:50:06.661+02:00  INFO 37284 --- [asset-store-poc] [           main] c.d.a.d.s.t.AttributeDefinitionRegistry  : AttributeDefinitionRegistry: type=SHIP defs=4 (required=1)
2025-09-23T22:50:06.662+02:00  INFO 37284 --- [asset-store-poc] [           main] c.d.a.d.s.t.AttributeDefinitionRegistry  : AttributeDefinitionRegistry: type=CRE defs=5 (required=1)
2025-09-23T22:50:07.423+02:00  INFO 37284 --- [asset-store-poc] [           main] o.s.b.a.h2.H2ConsoleAutoConfiguration    : H2 console available at '/h2-console'. Database available at 'jdbc:h2:mem:assetdb'
2025-09-23T22:50:07.476+02:00  INFO 37284 --- [asset-store-poc] [           main] o.s.b.t.m.w.SpringBootMockServletContext : Initializing Spring TestDispatcherServlet ''
2025-09-23T22:50:07.476+02:00  INFO 37284 --- [asset-store-poc] [           main] o.s.t.web.servlet.TestDispatcherServlet  : Initializing Servlet ''
2025-09-23T22:50:07.477+02:00  INFO 37284 --- [asset-store-poc] [           main] o.s.t.web.servlet.TestDispatcherServlet  : Completed initialization in 0 ms
2025-09-23T22:50:07.497+02:00  INFO 37284 --- [asset-store-poc] [           main] c.db.assetstore.api.AssetControllerTest  : Started AssetControllerTest in 4.97 seconds (process running for 6.091)
2025-09-23T22:50:07.714+02:00  INFO 37284 --- [asset-store-poc] [           main] s.s.AttributeDefinitionsBootstrapService : Bootstrapped attribute definitions from JSON Schemas to DB
2025-09-23T22:50:07.715+02:00  INFO 37284 --- [asset-store-poc] [           main] c.d.a.d.s.startup.StartupInfoService     : Attribute definitions bootstrap completed
2025-09-23T22:50:07.716+02:00  INFO 37284 --- [asset-store-poc] [           main] c.d.a.d.s.startup.StartupInfoService     : Supported asset types (schemas found): [SHIP, CRE]
2025-09-23T22:50:07.717+02:00  INFO 37284 --- [asset-store-poc] [           main] c.d.a.d.s.startup.StartupInfoService     : Discovered JSLT transforms (4): [transforms/asset-to-external.jslt, transforms/events/AssetCRE.jslt, transforms/events/AssetUpserted.jslt, transforms/no-schema-pass.jslt]
2025-09-23T22:50:08.145+02:00  INFO 37284 --- [asset-store-poc] [           main] c.d.a.infra.api.AssetController          : Creating asset
2025-09-23T22:50:08.154+02:00  INFO 37284 --- [asset-store-poc] [           main] c.d.a.i.service.AssetCommandServiceImpl  : Adding asset: type=CRE, id=patch-test-1
2025-09-23T22:50:08.154+02:00  INFO 37284 --- [asset-store-poc] [           main] c.d.a.i.service.AssetCommandServiceImpl  : insertAllOnCreate(): incomingAttrCount=3
2025-09-23T22:50:08.203+02:00  INFO 37284 --- [asset-store-poc] [           main] c.d.a.infra.api.AssetController          : HTTP PATCH /assets/patch-test-1 - patch asset
]]></system-out>
    <system-err><![CDATA[Mockito is currently self-attaching to enable the inline-mock-maker. This will no longer work in future releases of the JDK. Please add Mockito as an agent to your build as described in Mockito's documentation: https://javadoc.io/doc/org.mockito/mockito-core/latest/org.mockito/org/mockito/Mockito.html#0.3
WARNING: A Java agent has been loaded dynamically (C:\Users\tzsa\.m2\repository\net\bytebuddy\byte-buddy-agent\1.17.7\byte-buddy-agent-1.17.7.jar)
WARNING: If a serviceability tool is in use, please run with -XX:+EnableDynamicAgentLoading to hide this warning
WARNING: If a serviceability tool is not in use, please run with -Djdk.instrument.traceUsage for more information
WARNING: Dynamic loading of agents will be disallowed by default in a future release
]]></system-err>
  </testcase>
  <testcase name="createBulkAssets_nullRequest_returnsBadRequest" classname="com.db.assetstore.api.AssetControllerTest" time="0.018"/>
  <testcase name="updateAsset_PUT_nonExistentId_returnsNotFound" classname="com.db.assetstore.api.AssetControllerTest" time="0.008">
    <system-out><![CDATA[2025-09-23T22:50:08.344+02:00  INFO 37284 --- [asset-store-poc] [           main] c.d.a.infra.api.AssetController          : HTTP PUT /assets/non-existent - updating asset
]]></system-out>
  </testcase>
  <testcase name="createSingleAsset_withProvidedId_usesSpecifiedId" classname="com.db.assetstore.api.AssetControllerTest" time="0.015">
    <system-out><![CDATA[2025-09-23T22:50:08.353+02:00  INFO 37284 --- [asset-store-poc] [           main] c.d.a.infra.api.AssetController          : Creating asset
2025-09-23T22:50:08.354+02:00  INFO 37284 --- [asset-store-poc] [           main] c.d.a.i.service.AssetCommandServiceImpl  : Adding asset: type=CRE, id=custom-asset-123
2025-09-23T22:50:08.354+02:00  INFO 37284 --- [asset-store-poc] [           main] c.d.a.i.service.AssetCommandServiceImpl  : insertAllOnCreate(): incomingAttrCount=1
]]></system-out>
  </testcase>
  <testcase name="getAsset_existingId_returnsFullAssetData" classname="com.db.assetstore.api.AssetControllerTest" time="0.017">
    <system-out><![CDATA[2025-09-23T22:50:08.369+02:00  INFO 37284 --- [asset-store-poc] [           main] c.d.a.infra.api.AssetController          : Creating asset
2025-09-23T22:50:08.371+02:00  INFO 37284 --- [asset-store-poc] [           main] c.d.a.i.service.AssetCommandServiceImpl  : Adding asset: type=CRE, id=get-test-1
2025-09-23T22:50:08.371+02:00  INFO 37284 --- [asset-store-poc] [           main] c.d.a.i.service.AssetCommandServiceImpl  : insertAllOnCreate(): incomingAttrCount=3
]]></system-out>
  </testcase>
  <testcase name="createAsset_mixedAttributeTypes_preservesTypeInformation" classname="com.db.assetstore.api.AssetControllerTest" time="0.019">
    <system-out><![CDATA[2025-09-23T22:50:08.388+02:00  INFO 37284 --- [asset-store-poc] [           main] c.d.a.infra.api.AssetController          : Creating asset
2025-09-23T22:50:08.389+02:00  INFO 37284 --- [asset-store-poc] [           main] c.d.a.i.service.AssetCommandServiceImpl  : Adding asset: type=CRE, id=1e2597f2-4c42-4c5b-af1e-ea7c366d208b
2025-09-23T22:50:08.389+02:00  INFO 37284 --- [asset-store-poc] [           main] c.d.a.i.service.AssetCommandServiceImpl  : insertAllOnCreate(): incomingAttrCount=4
]]></system-out>
  </testcase>
  <testcase name="createSingleAsset_CRE_withAllFields_returnsIdAndVerifyData" classname="com.db.assetstore.api.AssetControllerTest" time="0.019">
    <system-out><![CDATA[2025-09-23T22:50:08.407+02:00  INFO 37284 --- [asset-store-poc] [           main] c.d.a.infra.api.AssetController          : Creating asset
2025-09-23T22:50:08.407+02:00  INFO 37284 --- [asset-store-poc] [           main] c.d.a.i.service.AssetCommandServiceImpl  : Adding asset: type=CRE, id=08e07841-9d3f-4003-b16c-d98c2547d707
2025-09-23T22:50:08.407+02:00  INFO 37284 --- [asset-store-poc] [           main] c.d.a.i.service.AssetCommandServiceImpl  : insertAllOnCreate(): incomingAttrCount=4
]]></system-out>
  </testcase>
  <testcase name="patchAssetsBulk_emptyArray_returnsNoContent" classname="com.db.assetstore.api.AssetControllerTest" time="0.006">
    <system-out><![CDATA[2025-09-23T22:50:08.428+02:00  INFO 37284 --- [asset-store-poc] [           main] c.d.a.infra.api.AssetController          : HTTP PATCH /assets/bulk - patch 0 assets
]]></system-out>
  </testcase>
  <testcase name="createSingleAsset_invalidJson_returnsBadRequest" classname="com.db.assetstore.api.AssetControllerTest" time="0.007"/>
  <testcase name="patchAsset_PATCH_nonExistentId_returnsNotFound" classname="com.db.assetstore.api.AssetControllerTest" time="0.007">
    <system-out><![CDATA[2025-09-23T22:50:08.442+02:00  INFO 37284 --- [asset-store-poc] [           main] c.d.a.infra.api.AssetController          : HTTP PATCH /assets/non-existent - patch asset
]]></system-out>
  </testcase>
  <testcase name="listAssets_returnsJsonArray" classname="com.db.assetstore.api.AssetControllerTest" time="0.025">
    <system-out><![CDATA[2025-09-23T22:50:08.452+02:00  INFO 37284 --- [asset-store-poc] [           main] c.d.a.infra.api.AssetController          : HTTP GET /assets - listing assets
]]></system-out>
  </testcase>
  <testcase name="createBulkAssets_mixedTypes_returnsAllIds" classname="com.db.assetstore.api.AssetControllerTest" time="0.032">
    <system-out><![CDATA[2025-09-23T22:50:08.477+02:00  INFO 37284 --- [asset-store-poc] [           main] c.d.a.infra.api.AssetController          : HTTP POST /assets/bulk - creating 2 assets
2025-09-23T22:50:08.478+02:00  INFO 37284 --- [asset-store-poc] [           main] c.d.a.i.service.AssetCommandServiceImpl  : Adding asset: type=CRE, id=bulk-cre-1
2025-09-23T22:50:08.478+02:00  INFO 37284 --- [asset-store-poc] [           main] c.d.a.i.service.AssetCommandServiceImpl  : insertAllOnCreate(): incomingAttrCount=2
2025-09-23T22:50:08.484+02:00  INFO 37284 --- [asset-store-poc] [           main] c.d.a.i.service.AssetCommandServiceImpl  : Adding asset: type=SHIP, id=bulk-ship-1
2025-09-23T22:50:08.485+02:00  INFO 37284 --- [asset-store-poc] [           main] c.d.a.i.service.AssetCommandServiceImpl  : insertAllOnCreate(): incomingAttrCount=2
]]></system-out>
  </testcase>
  <testcase name="getAsset_nonExistentId_returnsNotFound" classname="com.db.assetstore.api.AssetControllerTest" time="0.005"/>
  <testcase name="createBulkAssets_emptyArray_returnsEmptyArray" classname="com.db.assetstore.api.AssetControllerTest" time="0.004">
    <system-out><![CDATA[2025-09-23T22:50:08.515+02:00  INFO 37284 --- [asset-store-poc] [           main] c.d.a.infra.api.AssetController          : HTTP POST /assets/bulk - creating 0 assets
]]></system-out>
  </testcase>
  <testcase name="patchAssetsBulk_withNonExistentId_returnsNotFound" classname="com.db.assetstore.api.AssetControllerTest" time="0.006">
    <system-out><![CDATA[2025-09-23T22:50:08.520+02:00  INFO 37284 --- [asset-store-poc] [           main] c.d.a.infra.api.AssetController          : HTTP PATCH /assets/bulk - patch 1 assets
]]></system-out>
  </testcase>
  <testcase name="createAsset_nullAttributeValues_handledGracefully" classname="com.db.assetstore.api.AssetControllerTest" time="0.013">
    <system-out><![CDATA[2025-09-23T22:50:08.526+02:00  INFO 37284 --- [asset-store-poc] [           main] c.d.a.infra.api.AssetController          : Creating asset
2025-09-23T22:50:08.526+02:00  INFO 37284 --- [asset-store-poc] [           main] c.d.a.i.service.AssetCommandServiceImpl  : Adding asset: type=CRE, id=e725a078-335f-4927-994d-a8791f9c40bf
2025-09-23T22:50:08.526+02:00  INFO 37284 --- [asset-store-poc] [           main] c.d.a.i.service.AssetCommandServiceImpl  : insertAllOnCreate(): incomingAttrCount=3
]]></system-out>
  </testcase>
  <testcase name="patchAssetsBulk_updatesMultipleAssetsPartially" classname="com.db.assetstore.api.AssetControllerTest" time="0.034">
    <system-out><![CDATA[2025-09-23T22:50:08.540+02:00  INFO 37284 --- [asset-store-poc] [           main] c.d.a.infra.api.AssetController          : Creating asset
2025-09-23T22:50:08.540+02:00  INFO 37284 --- [asset-store-poc] [           main] c.d.a.i.service.AssetCommandServiceImpl  : Adding asset: type=CRE, id=bulk-patch-1
2025-09-23T22:50:08.540+02:00  INFO 37284 --- [asset-store-poc] [           main] c.d.a.i.service.AssetCommandServiceImpl  : insertAllOnCreate(): incomingAttrCount=2
2025-09-23T22:50:08.545+02:00  INFO 37284 --- [asset-store-poc] [           main] c.d.a.infra.api.AssetController          : Creating asset
2025-09-23T22:50:08.545+02:00  INFO 37284 --- [asset-store-poc] [           main] c.d.a.i.service.AssetCommandServiceImpl  : Adding asset: type=SHIP, id=bulk-patch-2
2025-09-23T22:50:08.545+02:00  INFO 37284 --- [asset-store-poc] [           main] c.d.a.i.service.AssetCommandServiceImpl  : insertAllOnCreate(): incomingAttrCount=2
2025-09-23T22:50:08.549+02:00  INFO 37284 --- [asset-store-poc] [           main] c.d.a.infra.api.AssetController          : HTTP PATCH /assets/bulk - patch 2 assets
]]></system-out>
  </testcase>
  <testcase name="createSingleAsset_SHIP_withMinimalFields_handlesDefaults" classname="com.db.assetstore.api.AssetControllerTest" time="0.012">
    <system-out><![CDATA[2025-09-23T22:50:08.574+02:00  INFO 37284 --- [asset-store-poc] [           main] c.d.a.infra.api.AssetController          : Creating asset
2025-09-23T22:50:08.575+02:00  INFO 37284 --- [asset-store-poc] [           main] c.d.a.i.service.AssetCommandServiceImpl  : Adding asset: type=SHIP, id=b405d2ec-c039-4d6e-ab07-09ee38a7bb80
2025-09-23T22:50:08.575+02:00  INFO 37284 --- [asset-store-poc] [           main] c.d.a.i.service.AssetCommandServiceImpl  : insertAllOnCreate(): incomingAttrCount=2
]]></system-out>
  </testcase>
  <testcase name="createAsset_decimalAttributeNormalization_stripsTrailingZeros" classname="com.db.assetstore.api.AssetControllerTest" time="0.012">
    <system-out><![CDATA[2025-09-23T22:50:08.587+02:00  INFO 37284 --- [asset-store-poc] [           main] c.d.a.infra.api.AssetController          : Creating asset
2025-09-23T22:50:08.587+02:00  INFO 37284 --- [asset-store-poc] [           main] c.d.a.i.service.AssetCommandServiceImpl  : Adding asset: type=CRE, id=ae424200-62ef-4f19-a50d-48080125d20a
2025-09-23T22:50:08.588+02:00  INFO 37284 --- [asset-store-poc] [           main] c.d.a.i.service.AssetCommandServiceImpl  : insertAllOnCreate(): incomingAttrCount=3
]]></system-out>
  </testcase>
  <testcase name="updateAsset_PUT_updatesAllFields" classname="com.db.assetstore.api.AssetControllerTest" time="0.026">
    <system-out><![CDATA[2025-09-23T22:50:08.599+02:00  INFO 37284 --- [asset-store-poc] [           main] c.d.a.infra.api.AssetController          : Creating asset
2025-09-23T22:50:08.600+02:00  INFO 37284 --- [asset-store-poc] [           main] c.d.a.i.service.AssetCommandServiceImpl  : Adding asset: type=CRE, id=put-test-1
2025-09-23T22:50:08.600+02:00  INFO 37284 --- [asset-store-poc] [           main] c.d.a.i.service.AssetCommandServiceImpl  : insertAllOnCreate(): incomingAttrCount=2
2025-09-23T22:50:08.605+02:00  INFO 37284 --- [asset-store-poc] [           main] c.d.a.infra.api.AssetController          : HTTP PUT /assets/put-test-1 - updating asset
]]></system-out>
  </testcase>
  <testcase name="listAssets_afterCreatingMultiple_returnsAllWithProperStructure" classname="com.db.assetstore.api.AssetControllerTest" time="0.04">
    <system-out><![CDATA[2025-09-23T22:50:08.625+02:00  INFO 37284 --- [asset-store-poc] [           main] c.d.a.infra.api.AssetController          : Creating asset
2025-09-23T22:50:08.626+02:00  INFO 37284 --- [asset-store-poc] [           main] c.d.a.i.service.AssetCommandServiceImpl  : Adding asset: type=CRE, id=list-cre-1
2025-09-23T22:50:08.626+02:00  INFO 37284 --- [asset-store-poc] [           main] c.d.a.i.service.AssetCommandServiceImpl  : insertAllOnCreate(): incomingAttrCount=2
2025-09-23T22:50:08.630+02:00  INFO 37284 --- [asset-store-poc] [           main] c.d.a.infra.api.AssetController          : Creating asset
2025-09-23T22:50:08.631+02:00  INFO 37284 --- [asset-store-poc] [           main] c.d.a.i.service.AssetCommandServiceImpl  : Adding asset: type=SHIP, id=list-ship-1
2025-09-23T22:50:08.631+02:00  INFO 37284 --- [asset-store-poc] [           main] c.d.a.i.service.AssetCommandServiceImpl  : insertAllOnCreate(): incomingAttrCount=2
2025-09-23T22:50:08.635+02:00  INFO 37284 --- [asset-store-poc] [           main] c.d.a.infra.api.AssetController          : HTTP GET /assets - listing assets
]]></system-out>
  </testcase>
</testsuite>